WARN  info.magnolia.dam.templating.functions.DamTemplatingFunctions 12.04.2021 23:40:44 -- The following ItemKey '' generated exceptions when trying to retrieve the associated Item : ItemKey is null or blank.
java.lang.IllegalArgumentException: ItemKey is null or blank.
	at info.magnolia.dam.templating.functions.DamTemplatingFunctions.validateItemKey(DamTemplatingFunctions.java:498) ~[magnolia-dam-templating-3.0.6.jar:?]
	at info.magnolia.dam.templating.functions.DamTemplatingFunctions.getItem(DamTemplatingFunctions.java:458) [magnolia-dam-templating-3.0.6.jar:?]
	at info.magnolia.dam.templating.functions.DamTemplatingFunctions.getAsset(DamTemplatingFunctions.java:115) [magnolia-dam-templating-3.0.6.jar:?]
	at info.magnolia.dam.templating.functions.DamTemplatingFunctions.getAssetLink(DamTemplatingFunctions.java:270) [magnolia-dam-templating-3.0.6.jar:?]
	at sun.reflect.GeneratedMethodAccessor595.invoke(Unknown Source) ~[?:?]
	at sun.reflect.DelegatingMethodAccessorImpl.invoke(Unknown Source) ~[?:1.8.0_281]
	at java.lang.reflect.Method.invoke(Unknown Source) ~[?:1.8.0_281]
	at freemarker.ext.beans.BeansWrapper.invokeMethod(BeansWrapper.java:1505) [freemarker-2.3.29.jar:2.3.29]
	at freemarker.ext.beans.ReflectionCallableMemberDescriptor.invokeMethod(ReflectionCallableMemberDescriptor.java:56) [freemarker-2.3.29.jar:2.3.29]
	at freemarker.ext.beans.MemberAndArguments.invokeMethod(MemberAndArguments.java:51) [freemarker-2.3.29.jar:2.3.29]
	at freemarker.ext.beans.OverloadedMethodsModel.exec(OverloadedMethodsModel.java:61) [freemarker-2.3.29.jar:2.3.29]
	at freemarker.core.MethodCall._eval(MethodCall.java:62) [freemarker-2.3.29.jar:2.3.29]
	at freemarker.core.Expression.eval(Expression.java:101) [freemarker-2.3.29.jar:2.3.29]
	at freemarker.core.DefaultToExpression._eval(DefaultToExpression.java:88) [freemarker-2.3.29.jar:2.3.29]
	at freemarker.core.Expression.eval(Expression.java:101) [freemarker-2.3.29.jar:2.3.29]
	at freemarker.core.Assignment.accept(Assignment.java:134) [freemarker-2.3.29.jar:2.3.29]
	at freemarker.core.Environment.visit(Environment.java:331) [freemarker-2.3.29.jar:2.3.29]
	at freemarker.core.Environment.visit(Environment.java:337) [freemarker-2.3.29.jar:2.3.29]
	at freemarker.core.Environment.visit(Environment.java:337) [freemarker-2.3.29.jar:2.3.29]
	at freemarker.core.Environment.process(Environment.java:310) [freemarker-2.3.29.jar:2.3.29]
	at freemarker.template.Template.process(Template.java:383) [freemarker-2.3.29.jar:2.3.29]
	at info.magnolia.freemarker.FreemarkerHelper.render(FreemarkerHelper.java:170) [magnolia-freemarker-support-6.2.7.jar:?]
	at info.magnolia.rendering.renderer.FreemarkerRenderer.onRender(FreemarkerRenderer.java:99) [magnolia-rendering-6.2.7.jar:?]
	at info.magnolia.rendering.renderer.AbstractRenderer.render(AbstractRenderer.java:166) [magnolia-rendering-6.2.7.jar:?]
	at info.magnolia.rendering.engine.DefaultRenderingEngine.render(DefaultRenderingEngine.java:119) [magnolia-rendering-6.2.7.jar:?]
	at info.magnolia.rendering.engine.DefaultRenderingEngine$$EnhancerByCGLIB$$94e77e91.render(<generated>) [magnolia-rendering-6.2.7.jar:?]
	at info.magnolia.templating.elements.ComponentElement.begin(ComponentElement.java:126) [magnolia-templating-6.2.7.jar:?]
	at info.magnolia.templating.renderers.NoScriptRenderer.onRender(NoScriptRenderer.java:103) [magnolia-templating-6.2.7.jar:?]
	at info.magnolia.templating.renderers.NoScriptRenderer.render(NoScriptRenderer.java:81) [magnolia-templating-6.2.7.jar:?]
	at info.magnolia.rendering.engine.DefaultRenderingEngine.render(DefaultRenderingEngine.java:119) [magnolia-rendering-6.2.7.jar:?]
	at info.magnolia.rendering.engine.DefaultRenderingEngine$$EnhancerByCGLIB$$94e77e91.render(<generated>) [magnolia-rendering-6.2.7.jar:?]
	at info.magnolia.templating.elements.AreaElement.end(AreaElement.java:288) [magnolia-templating-6.2.7.jar:?]
	at info.magnolia.templating.freemarker.AbstractDirective.execute(AbstractDirective.java:97) [magnolia-templating-6.2.7.jar:?]
	at freemarker.core.Environment.visit(Environment.java:446) [freemarker-2.3.29.jar:2.3.29]
	at freemarker.core.UnifiedCall.accept(UnifiedCall.java:101) [freemarker-2.3.29.jar:2.3.29]
	at freemarker.core.Environment.visit(Environment.java:331) [freemarker-2.3.29.jar:2.3.29]
	at freemarker.core.Environment.visit(Environment.java:337) [freemarker-2.3.29.jar:2.3.29]
	at freemarker.core.Environment.process(Environment.java:310) [freemarker-2.3.29.jar:2.3.29]
	at freemarker.template.Template.process(Template.java:383) [freemarker-2.3.29.jar:2.3.29]
	at info.magnolia.freemarker.FreemarkerHelper.render(FreemarkerHelper.java:170) [magnolia-freemarker-support-6.2.7.jar:?]
	at info.magnolia.rendering.renderer.FreemarkerRenderer.onRender(FreemarkerRenderer.java:99) [magnolia-rendering-6.2.7.jar:?]
	at info.magnolia.rendering.renderer.AbstractRenderer.render(AbstractRenderer.java:166) [magnolia-rendering-6.2.7.jar:?]
	at info.magnolia.rendering.engine.DefaultRenderingEngine.render(DefaultRenderingEngine.java:119) [magnolia-rendering-6.2.7.jar:?]
	at info.magnolia.rendering.engine.DefaultRenderingEngine$$EnhancerByCGLIB$$94e77e91.render(<generated>) [magnolia-rendering-6.2.7.jar:?]
	at info.magnolia.rendering.engine.RenderingFilter.render(RenderingFilter.java:195) [magnolia-rendering-6.2.7.jar:?]
	at info.magnolia.rendering.engine.RenderingFilter.handleTemplateRequest(RenderingFilter.java:140) [magnolia-rendering-6.2.7.jar:?]
	at info.magnolia.rendering.engine.RenderingFilter.doFilter(RenderingFilter.java:94) [magnolia-rendering-6.2.7.jar:?]
	at info.magnolia.cms.filters.AbstractMgnlFilter.doFilter(AbstractMgnlFilter.java:85) [magnolia-core-6.2.7.jar:?]
	at info.magnolia.cms.filters.MgnlFilterChain.doFilter(MgnlFilterChain.java:79) [magnolia-core-6.2.7.jar:?]
	at info.magnolia.rendering.model.ModelExecutionFilter.doFilter(ModelExecutionFilter.java:109) [magnolia-rendering-6.2.7.jar:?]
	at info.magnolia.cms.filters.OncePerRequestAbstractMgnlFilter.doFilter(OncePerRequestAbstractMgnlFilter.java:59) [magnolia-core-6.2.7.jar:?]
	at info.magnolia.cms.filters.MgnlFilterChain.doFilter(MgnlFilterChain.java:79) [magnolia-core-6.2.7.jar:?]
	at info.magnolia.cms.filters.AggregatorFilter.doFilter(AggregatorFilter.java:133) [magnolia-core-6.2.7.jar:?]
	at info.magnolia.cms.filters.AbstractMgnlFilter.doFilter(AbstractMgnlFilter.java:85) [magnolia-core-6.2.7.jar:?]
	at info.magnolia.cms.filters.MgnlFilterChain.doFilter(MgnlFilterChain.java:79) [magnolia-core-6.2.7.jar:?]
	at info.magnolia.cms.security.BaseSecurityFilter.doFilter(BaseSecurityFilter.java:57) [magnolia-core-6.2.7.jar:?]
	at info.magnolia.cms.filters.AbstractMgnlFilter.doFilter(AbstractMgnlFilter.java:85) [magnolia-core-6.2.7.jar:?]
	at info.magnolia.cms.filters.MgnlFilterChain.doFilter(MgnlFilterChain.java:79) [magnolia-core-6.2.7.jar:?]
	at info.magnolia.cms.filters.RepositoryMappingFilter.doFilter(RepositoryMappingFilter.java:122) [magnolia-core-6.2.7.jar:?]
	at info.magnolia.cms.filters.AbstractMgnlFilter.doFilter(AbstractMgnlFilter.java:85) [magnolia-core-6.2.7.jar:?]
	at info.magnolia.cms.filters.MgnlFilterChain.doFilter(MgnlFilterChain.java:79) [magnolia-core-6.2.7.jar:?]
	at info.magnolia.cms.filters.CompositeFilter.doFilter(CompositeFilter.java:65) [magnolia-core-6.2.7.jar:?]
	at info.magnolia.cms.filters.AbstractMgnlFilter.doFilter(AbstractMgnlFilter.java:85) [magnolia-core-6.2.7.jar:?]
	at info.magnolia.cms.filters.MgnlFilterChain.doFilter(MgnlFilterChain.java:79) [magnolia-core-6.2.7.jar:?]
	at info.magnolia.cms.filters.MgnlFilterChain.doFilter(MgnlFilterChain.java:74) [magnolia-core-6.2.7.jar:?]
	at info.magnolia.cms.filters.MgnlFilterChain.doFilter(MgnlFilterChain.java:81) [magnolia-core-6.2.7.jar:?]
	at info.magnolia.cms.filters.MgnlFilterChain.doFilter(MgnlFilterChain.java:81) [magnolia-core-6.2.7.jar:?]
	at info.magnolia.cms.filters.MgnlFilterChain.doFilter(MgnlFilterChain.java:81) [magnolia-core-6.2.7.jar:?]
	at info.magnolia.cms.filters.MgnlFilterChain.doFilter(MgnlFilterChain.java:81) [magnolia-core-6.2.7.jar:?]
	at info.magnolia.cms.filters.MgnlFilterChain.doFilter(MgnlFilterChain.java:81) [magnolia-core-6.2.7.jar:?]
	at info.magnolia.cms.filters.MgnlFilterChain.doFilter(MgnlFilterChain.java:81) [magnolia-core-6.2.7.jar:?]
	at info.magnolia.cms.filters.MgnlFilterChain.doFilter(MgnlFilterChain.java:81) [magnolia-core-6.2.7.jar:?]
	at info.magnolia.cms.filters.MgnlFilterChain.doFilter(MgnlFilterChain.java:81) [magnolia-core-6.2.7.jar:?]
	at info.magnolia.cms.filters.CompositeFilter.doFilter(CompositeFilter.java:65) [magnolia-core-6.2.7.jar:?]
	at info.magnolia.cms.filters.AbstractMgnlFilter.doFilter(AbstractMgnlFilter.java:85) [magnolia-core-6.2.7.jar:?]
	at info.magnolia.cms.filters.MgnlFilterChain.doFilter(MgnlFilterChain.java:79) [magnolia-core-6.2.7.jar:?]
	at info.magnolia.virtualuri.VirtualUriFilter.doFilter(VirtualUriFilter.java:98) [magnolia-virtual-uri-6.2.7.jar:?]
	at info.magnolia.cms.filters.AbstractMgnlFilter.doFilter(AbstractMgnlFilter.java:85) [magnolia-core-6.2.7.jar:?]
	at info.magnolia.cms.filters.MgnlFilterChain.doFilter(MgnlFilterChain.java:79) [magnolia-core-6.2.7.jar:?]
	at info.magnolia.cms.filters.MgnlFilterChain.doFilter(MgnlFilterChain.java:81) [magnolia-core-6.2.7.jar:?]
	at info.magnolia.module.cache.executor.Bypass.processCacheRequest(Bypass.java:58) [magnolia-cache-core-5.9.2.jar:?]
	at info.magnolia.module.cache.executor.CompositeExecutor.processCacheRequest(CompositeExecutor.java:66) [magnolia-cache-core-5.9.2.jar:?]
	at info.magnolia.module.cache.filter.CacheFilter.doFilter(CacheFilter.java:164) [magnolia-cache-core-5.9.2.jar:?]
	at info.magnolia.cms.filters.AbstractMgnlFilter.doFilter(AbstractMgnlFilter.java:85) [magnolia-core-6.2.7.jar:?]
	at info.magnolia.cms.filters.MgnlFilterChain.doFilter(MgnlFilterChain.java:79) [magnolia-core-6.2.7.jar:?]
	at info.magnolia.cms.i18n.I18nContentSupportFilter.doFilter(I18nContentSupportFilter.java:85) [magnolia-core-6.2.7.jar:?]
	at info.magnolia.cms.filters.AbstractMgnlFilter.doFilter(AbstractMgnlFilter.java:85) [magnolia-core-6.2.7.jar:?]
	at info.magnolia.cms.filters.MgnlFilterChain.doFilter(MgnlFilterChain.java:79) [magnolia-core-6.2.7.jar:?]
	at info.magnolia.cms.filters.RangeSupportFilter.doFilter(RangeSupportFilter.java:78) [magnolia-core-6.2.7.jar:?]
	at info.magnolia.cms.filters.AbstractMgnlFilter.doFilter(AbstractMgnlFilter.java:85) [magnolia-core-6.2.7.jar:?]
	at info.magnolia.cms.filters.MgnlFilterChain.doFilter(MgnlFilterChain.java:79) [magnolia-core-6.2.7.jar:?]
	at info.magnolia.cms.security.BaseSecurityFilter.doFilter(BaseSecurityFilter.java:57) [magnolia-core-6.2.7.jar:?]
	at info.magnolia.cms.filters.AbstractMgnlFilter.doFilter(AbstractMgnlFilter.java:85) [magnolia-core-6.2.7.jar:?]
	at info.magnolia.cms.filters.MgnlFilterChain.doFilter(MgnlFilterChain.java:79) [magnolia-core-6.2.7.jar:?]
	at info.magnolia.cms.filters.MgnlFilterChain.doFilter(MgnlFilterChain.java:81) [magnolia-core-6.2.7.jar:?]
	at info.magnolia.cms.security.SecurityCallbackFilter.doFilter(SecurityCallbackFilter.java:84) [magnolia-core-6.2.7.jar:?]
	at info.magnolia.cms.filters.OncePerRequestAbstractMgnlFilter.doFilter(OncePerRequestAbstractMgnlFilter.java:59) [magnolia-core-6.2.7.jar:?]
	at info.magnolia.cms.filters.MgnlFilterChain.doFilter(MgnlFilterChain.java:79) [magnolia-core-6.2.7.jar:?]
	at info.magnolia.cms.security.LogoutFilter.doFilter(LogoutFilter.java:94) [magnolia-core-6.2.7.jar:?]
	at info.magnolia.cms.filters.OncePerRequestAbstractMgnlFilter.doFilter(OncePerRequestAbstractMgnlFilter.java:59) [magnolia-core-6.2.7.jar:?]
	at info.magnolia.cms.filters.MgnlFilterChain.doFilter(MgnlFilterChain.java:79) [magnolia-core-6.2.7.jar:?]
	at info.magnolia.module.site.filters.SiteMergeFilter.doFilter(SiteMergeFilter.java:119) [magnolia-site-1.4.1.jar:?]
	at info.magnolia.cms.filters.AbstractMgnlFilter.doFilter(AbstractMgnlFilter.java:85) [magnolia-core-6.2.7.jar:?]
	at info.magnolia.cms.filters.MgnlFilterChain.doFilter(MgnlFilterChain.java:79) [magnolia-core-6.2.7.jar:?]
	at info.magnolia.cms.filters.MultiChannelFilter.doFilter(MultiChannelFilter.java:83) [magnolia-core-6.2.7.jar:?]
	at info.magnolia.cms.filters.AbstractMgnlFilter.doFilter(AbstractMgnlFilter.java:85) [magnolia-core-6.2.7.jar:?]
	at info.magnolia.cms.filters.MgnlFilterChain.doFilter(MgnlFilterChain.java:79) [magnolia-core-6.2.7.jar:?]
	at info.magnolia.module.cache.filter.GZipFilter.doFilter(GZipFilter.java:74) [magnolia-cache-core-5.9.2.jar:?]
	at info.magnolia.cms.filters.OncePerRequestAbstractMgnlFilter.doFilter(OncePerRequestAbstractMgnlFilter.java:59) [magnolia-core-6.2.7.jar:?]
	at info.magnolia.cms.filters.MgnlFilterChain.doFilter(MgnlFilterChain.java:79) [magnolia-core-6.2.7.jar:?]
	at info.magnolia.cms.filters.MgnlFilterChain.doFilter(MgnlFilterChain.java:81) [magnolia-core-6.2.7.jar:?]
	at info.magnolia.cms.security.auth.login.LoginFilter.doFilter(LoginFilter.java:128) [magnolia-core-6.2.7.jar:?]
	at info.magnolia.cms.filters.AbstractMgnlFilter.doFilter(AbstractMgnlFilter.java:85) [magnolia-core-6.2.7.jar:?]
	at info.magnolia.cms.filters.MgnlFilterChain.doFilter(MgnlFilterChain.java:79) [magnolia-core-6.2.7.jar:?]
	at info.magnolia.cms.security.CsrfTokenSecurityFilter.doFilter(CsrfTokenSecurityFilter.java:107) [magnolia-core-6.2.7.jar:?]
	at info.magnolia.cms.filters.AbstractMgnlFilter.doFilter(AbstractMgnlFilter.java:85) [magnolia-core-6.2.7.jar:?]
	at info.magnolia.cms.filters.MgnlFilterChain.doFilter(MgnlFilterChain.java:79) [magnolia-core-6.2.7.jar:?]
	at info.magnolia.cms.filters.MgnlFilterChain.doFilter(MgnlFilterChain.java:81) [magnolia-core-6.2.7.jar:?]
	at info.magnolia.cms.filters.MultipartRequestFilter.doFilter(MultipartRequestFilter.java:151) [magnolia-core-6.2.7.jar:?]
	at info.magnolia.cms.filters.OncePerRequestAbstractMgnlFilter.doFilter(OncePerRequestAbstractMgnlFilter.java:59) [magnolia-core-6.2.7.jar:?]
	at info.magnolia.cms.filters.MgnlFilterChain.doFilter(MgnlFilterChain.java:79) [magnolia-core-6.2.7.jar:?]
	at info.magnolia.cms.filters.ContentTypeFilter.doFilter(ContentTypeFilter.java:155) [magnolia-core-6.2.7.jar:?]
	at info.magnolia.cms.filters.AbstractMgnlFilter.doFilter(AbstractMgnlFilter.java:85) [magnolia-core-6.2.7.jar:?]
	at info.magnolia.cms.filters.MgnlFilterChain.doFilter(MgnlFilterChain.java:79) [magnolia-core-6.2.7.jar:?]
	at info.magnolia.cms.filters.ContextFilter.doFilter(ContextFilter.java:128) [magnolia-core-6.2.7.jar:?]
	at info.magnolia.cms.filters.AbstractMgnlFilter.doFilter(AbstractMgnlFilter.java:85) [magnolia-core-6.2.7.jar:?]
	at info.magnolia.cms.filters.MgnlFilterChain.doFilter(MgnlFilterChain.java:79) [magnolia-core-6.2.7.jar:?]
	at info.magnolia.cms.filters.CompositeFilter.doFilter(CompositeFilter.java:65) [magnolia-core-6.2.7.jar:?]
	at info.magnolia.cms.filters.AbstractMgnlFilter.doFilter(AbstractMgnlFilter.java:85) [magnolia-core-6.2.7.jar:?]
	at info.magnolia.cms.filters.SafeDestroyMgnlFilterWrapper.doFilter(SafeDestroyMgnlFilterWrapper.java:107) [magnolia-core-6.2.7.jar:?]
	at info.magnolia.cms.filters.MgnlFilterDispatcher.doDispatch(MgnlFilterDispatcher.java:67) [magnolia-core-6.2.7.jar:?]
	at info.magnolia.cms.filters.MgnlMainFilter.doFilter(MgnlMainFilter.java:110) [magnolia-core-6.2.7.jar:?]
	at info.magnolia.cms.filters.MgnlMainFilter.doFilter(MgnlMainFilter.java:96) [magnolia-core-6.2.7.jar:?]
	at org.apache.catalina.core.ApplicationFilterChain.internalDoFilter(ApplicationFilterChain.java:189) [catalina.jar:9.0.43]
	at org.apache.catalina.core.ApplicationFilterChain.doFilter(ApplicationFilterChain.java:162) [catalina.jar:9.0.43]
	at org.apache.catalina.core.StandardWrapperValve.invoke(StandardWrapperValve.java:202) [catalina.jar:9.0.43]
	at org.apache.catalina.core.StandardContextValve.invoke(StandardContextValve.java:97) [catalina.jar:9.0.43]
	at org.apache.catalina.authenticator.AuthenticatorBase.invoke(AuthenticatorBase.java:542) [catalina.jar:9.0.43]
	at org.apache.catalina.core.StandardHostValve.invoke(StandardHostValve.java:143) [catalina.jar:9.0.43]
	at org.apache.catalina.valves.ErrorReportValve.invoke(ErrorReportValve.java:92) [catalina.jar:9.0.43]
	at org.apache.catalina.valves.AbstractAccessLogValve.invoke(AbstractAccessLogValve.java:687) [catalina.jar:9.0.43]
	at org.apache.catalina.core.StandardEngineValve.invoke(StandardEngineValve.java:78) [catalina.jar:9.0.43]
	at org.apache.catalina.connector.CoyoteAdapter.service(CoyoteAdapter.java:346) [catalina.jar:9.0.43]
	at org.apache.coyote.http11.Http11Processor.service(Http11Processor.java:374) [tomcat-coyote.jar:9.0.43]
	at org.apache.coyote.AbstractProcessorLight.process(AbstractProcessorLight.java:65) [tomcat-coyote.jar:9.0.43]
	at org.apache.coyote.AbstractProtocol$ConnectionHandler.process(AbstractProtocol.java:887) [tomcat-coyote.jar:9.0.43]
	at org.apache.tomcat.util.net.NioEndpoint$SocketProcessor.doRun(NioEndpoint.java:1684) [tomcat-coyote.jar:9.0.43]
	at org.apache.tomcat.util.net.SocketProcessorBase.run(SocketProcessorBase.java:49) [tomcat-coyote.jar:9.0.43]
	at java.util.concurrent.ThreadPoolExecutor.runWorker(Unknown Source) [?:1.8.0_281]
	at java.util.concurrent.ThreadPoolExecutor$Worker.run(Unknown Source) [?:1.8.0_281]
	at org.apache.tomcat.util.threads.TaskThread$WrappingRunnable.run(TaskThread.java:61) [tomcat-util.jar:9.0.43]
	at java.lang.Thread.run(Unknown Source) [?:1.8.0_281]
WARN  info.magnolia.dam.templating.functions.DamTemplatingFunctions 12.04.2021 23:40:53 -- The following ItemKey '' generated exceptions when trying to retrieve the associated Item : ItemKey is null or blank.
java.lang.IllegalArgumentException: ItemKey is null or blank.
	at info.magnolia.dam.templating.functions.DamTemplatingFunctions.validateItemKey(DamTemplatingFunctions.java:498) ~[magnolia-dam-templating-3.0.6.jar:?]
	at info.magnolia.dam.templating.functions.DamTemplatingFunctions.getItem(DamTemplatingFunctions.java:458) [magnolia-dam-templating-3.0.6.jar:?]
	at info.magnolia.dam.templating.functions.DamTemplatingFunctions.getAsset(DamTemplatingFunctions.java:115) [magnolia-dam-templating-3.0.6.jar:?]
	at info.magnolia.dam.templating.functions.DamTemplatingFunctions.getAssetLink(DamTemplatingFunctions.java:270) [magnolia-dam-templating-3.0.6.jar:?]
	at sun.reflect.GeneratedMethodAccessor595.invoke(Unknown Source) ~[?:?]
	at sun.reflect.DelegatingMethodAccessorImpl.invoke(Unknown Source) ~[?:1.8.0_281]
	at java.lang.reflect.Method.invoke(Unknown Source) ~[?:1.8.0_281]
	at freemarker.ext.beans.BeansWrapper.invokeMethod(BeansWrapper.java:1505) [freemarker-2.3.29.jar:2.3.29]
	at freemarker.ext.beans.ReflectionCallableMemberDescriptor.invokeMethod(ReflectionCallableMemberDescriptor.java:56) [freemarker-2.3.29.jar:2.3.29]
	at freemarker.ext.beans.MemberAndArguments.invokeMethod(MemberAndArguments.java:51) [freemarker-2.3.29.jar:2.3.29]
	at freemarker.ext.beans.OverloadedMethodsModel.exec(OverloadedMethodsModel.java:61) [freemarker-2.3.29.jar:2.3.29]
	at freemarker.core.MethodCall._eval(MethodCall.java:62) [freemarker-2.3.29.jar:2.3.29]
	at freemarker.core.Expression.eval(Expression.java:101) [freemarker-2.3.29.jar:2.3.29]
	at freemarker.core.DefaultToExpression._eval(DefaultToExpression.java:88) [freemarker-2.3.29.jar:2.3.29]
	at freemarker.core.Expression.eval(Expression.java:101) [freemarker-2.3.29.jar:2.3.29]
	at freemarker.core.Assignment.accept(Assignment.java:134) [freemarker-2.3.29.jar:2.3.29]
	at freemarker.core.Environment.visit(Environment.java:331) [freemarker-2.3.29.jar:2.3.29]
	at freemarker.core.Environment.visit(Environment.java:337) [freemarker-2.3.29.jar:2.3.29]
	at freemarker.core.Environment.visit(Environment.java:337) [freemarker-2.3.29.jar:2.3.29]
	at freemarker.core.Environment.process(Environment.java:310) [freemarker-2.3.29.jar:2.3.29]
	at freemarker.template.Template.process(Template.java:383) [freemarker-2.3.29.jar:2.3.29]
	at info.magnolia.freemarker.FreemarkerHelper.render(FreemarkerHelper.java:170) [magnolia-freemarker-support-6.2.7.jar:?]
	at info.magnolia.rendering.renderer.FreemarkerRenderer.onRender(FreemarkerRenderer.java:99) [magnolia-rendering-6.2.7.jar:?]
	at info.magnolia.rendering.renderer.AbstractRenderer.render(AbstractRenderer.java:166) [magnolia-rendering-6.2.7.jar:?]
	at info.magnolia.rendering.engine.DefaultRenderingEngine.render(DefaultRenderingEngine.java:119) [magnolia-rendering-6.2.7.jar:?]
	at info.magnolia.rendering.engine.DefaultRenderingEngine$$EnhancerByCGLIB$$94e77e91.render(<generated>) [magnolia-rendering-6.2.7.jar:?]
	at info.magnolia.templating.elements.ComponentElement.begin(ComponentElement.java:126) [magnolia-templating-6.2.7.jar:?]
	at info.magnolia.templating.renderers.NoScriptRenderer.onRender(NoScriptRenderer.java:103) [magnolia-templating-6.2.7.jar:?]
	at info.magnolia.templating.renderers.NoScriptRenderer.render(NoScriptRenderer.java:81) [magnolia-templating-6.2.7.jar:?]
	at info.magnolia.rendering.engine.DefaultRenderingEngine.render(DefaultRenderingEngine.java:119) [magnolia-rendering-6.2.7.jar:?]
	at info.magnolia.rendering.engine.DefaultRenderingEngine$$EnhancerByCGLIB$$94e77e91.render(<generated>) [magnolia-rendering-6.2.7.jar:?]
	at info.magnolia.templating.elements.AreaElement.end(AreaElement.java:288) [magnolia-templating-6.2.7.jar:?]
	at info.magnolia.templating.freemarker.AbstractDirective.execute(AbstractDirective.java:97) [magnolia-templating-6.2.7.jar:?]
	at freemarker.core.Environment.visit(Environment.java:446) [freemarker-2.3.29.jar:2.3.29]
	at freemarker.core.UnifiedCall.accept(UnifiedCall.java:101) [freemarker-2.3.29.jar:2.3.29]
	at freemarker.core.Environment.visit(Environment.java:331) [freemarker-2.3.29.jar:2.3.29]
	at freemarker.core.Environment.visit(Environment.java:337) [freemarker-2.3.29.jar:2.3.29]
	at freemarker.core.Environment.process(Environment.java:310) [freemarker-2.3.29.jar:2.3.29]
	at freemarker.template.Template.process(Template.java:383) [freemarker-2.3.29.jar:2.3.29]
	at info.magnolia.freemarker.FreemarkerHelper.render(FreemarkerHelper.java:170) [magnolia-freemarker-support-6.2.7.jar:?]
	at info.magnolia.rendering.renderer.FreemarkerRenderer.onRender(FreemarkerRenderer.java:99) [magnolia-rendering-6.2.7.jar:?]
	at info.magnolia.rendering.renderer.AbstractRenderer.render(AbstractRenderer.java:166) [magnolia-rendering-6.2.7.jar:?]
	at info.magnolia.rendering.engine.DefaultRenderingEngine.render(DefaultRenderingEngine.java:119) [magnolia-rendering-6.2.7.jar:?]
	at info.magnolia.rendering.engine.DefaultRenderingEngine$$EnhancerByCGLIB$$94e77e91.render(<generated>) [magnolia-rendering-6.2.7.jar:?]
	at info.magnolia.rendering.engine.RenderingFilter.render(RenderingFilter.java:195) [magnolia-rendering-6.2.7.jar:?]
	at info.magnolia.rendering.engine.RenderingFilter.handleTemplateRequest(RenderingFilter.java:140) [magnolia-rendering-6.2.7.jar:?]
	at info.magnolia.rendering.engine.RenderingFilter.doFilter(RenderingFilter.java:94) [magnolia-rendering-6.2.7.jar:?]
	at info.magnolia.cms.filters.AbstractMgnlFilter.doFilter(AbstractMgnlFilter.java:85) [magnolia-core-6.2.7.jar:?]
	at info.magnolia.cms.filters.MgnlFilterChain.doFilter(MgnlFilterChain.java:79) [magnolia-core-6.2.7.jar:?]
	at info.magnolia.rendering.model.ModelExecutionFilter.doFilter(ModelExecutionFilter.java:109) [magnolia-rendering-6.2.7.jar:?]
	at info.magnolia.cms.filters.OncePerRequestAbstractMgnlFilter.doFilter(OncePerRequestAbstractMgnlFilter.java:59) [magnolia-core-6.2.7.jar:?]
	at info.magnolia.cms.filters.MgnlFilterChain.doFilter(MgnlFilterChain.java:79) [magnolia-core-6.2.7.jar:?]
	at info.magnolia.cms.filters.AggregatorFilter.doFilter(AggregatorFilter.java:133) [magnolia-core-6.2.7.jar:?]
	at info.magnolia.cms.filters.AbstractMgnlFilter.doFilter(AbstractMgnlFilter.java:85) [magnolia-core-6.2.7.jar:?]
	at info.magnolia.cms.filters.MgnlFilterChain.doFilter(MgnlFilterChain.java:79) [magnolia-core-6.2.7.jar:?]
	at info.magnolia.cms.security.BaseSecurityFilter.doFilter(BaseSecurityFilter.java:57) [magnolia-core-6.2.7.jar:?]
	at info.magnolia.cms.filters.AbstractMgnlFilter.doFilter(AbstractMgnlFilter.java:85) [magnolia-core-6.2.7.jar:?]
	at info.magnolia.cms.filters.MgnlFilterChain.doFilter(MgnlFilterChain.java:79) [magnolia-core-6.2.7.jar:?]
	at info.magnolia.cms.filters.RepositoryMappingFilter.doFilter(RepositoryMappingFilter.java:122) [magnolia-core-6.2.7.jar:?]
	at info.magnolia.cms.filters.AbstractMgnlFilter.doFilter(AbstractMgnlFilter.java:85) [magnolia-core-6.2.7.jar:?]
	at info.magnolia.cms.filters.MgnlFilterChain.doFilter(MgnlFilterChain.java:79) [magnolia-core-6.2.7.jar:?]
	at info.magnolia.cms.filters.CompositeFilter.doFilter(CompositeFilter.java:65) [magnolia-core-6.2.7.jar:?]
	at info.magnolia.cms.filters.AbstractMgnlFilter.doFilter(AbstractMgnlFilter.java:85) [magnolia-core-6.2.7.jar:?]
	at info.magnolia.cms.filters.MgnlFilterChain.doFilter(MgnlFilterChain.java:79) [magnolia-core-6.2.7.jar:?]
	at info.magnolia.cms.filters.MgnlFilterChain.doFilter(MgnlFilterChain.java:74) [magnolia-core-6.2.7.jar:?]
	at info.magnolia.cms.filters.MgnlFilterChain.doFilter(MgnlFilterChain.java:81) [magnolia-core-6.2.7.jar:?]
	at info.magnolia.cms.filters.MgnlFilterChain.doFilter(MgnlFilterChain.java:81) [magnolia-core-6.2.7.jar:?]
	at info.magnolia.cms.filters.MgnlFilterChain.doFilter(MgnlFilterChain.java:81) [magnolia-core-6.2.7.jar:?]
	at info.magnolia.cms.filters.MgnlFilterChain.doFilter(MgnlFilterChain.java:81) [magnolia-core-6.2.7.jar:?]
	at info.magnolia.cms.filters.MgnlFilterChain.doFilter(MgnlFilterChain.java:81) [magnolia-core-6.2.7.jar:?]
	at info.magnolia.cms.filters.MgnlFilterChain.doFilter(MgnlFilterChain.java:81) [magnolia-core-6.2.7.jar:?]
	at info.magnolia.cms.filters.MgnlFilterChain.doFilter(MgnlFilterChain.java:81) [magnolia-core-6.2.7.jar:?]
	at info.magnolia.cms.filters.MgnlFilterChain.doFilter(MgnlFilterChain.java:81) [magnolia-core-6.2.7.jar:?]
	at info.magnolia.cms.filters.CompositeFilter.doFilter(CompositeFilter.java:65) [magnolia-core-6.2.7.jar:?]
	at info.magnolia.cms.filters.AbstractMgnlFilter.doFilter(AbstractMgnlFilter.java:85) [magnolia-core-6.2.7.jar:?]
	at info.magnolia.cms.filters.MgnlFilterChain.doFilter(MgnlFilterChain.java:79) [magnolia-core-6.2.7.jar:?]
	at info.magnolia.virtualuri.VirtualUriFilter.doFilter(VirtualUriFilter.java:98) [magnolia-virtual-uri-6.2.7.jar:?]
	at info.magnolia.cms.filters.AbstractMgnlFilter.doFilter(AbstractMgnlFilter.java:85) [magnolia-core-6.2.7.jar:?]
	at info.magnolia.cms.filters.MgnlFilterChain.doFilter(MgnlFilterChain.java:79) [magnolia-core-6.2.7.jar:?]
	at info.magnolia.cms.filters.MgnlFilterChain.doFilter(MgnlFilterChain.java:81) [magnolia-core-6.2.7.jar:?]
	at info.magnolia.module.cache.executor.Bypass.processCacheRequest(Bypass.java:58) [magnolia-cache-core-5.9.2.jar:?]
	at info.magnolia.module.cache.executor.CompositeExecutor.processCacheRequest(CompositeExecutor.java:66) [magnolia-cache-core-5.9.2.jar:?]
	at info.magnolia.module.cache.filter.CacheFilter.doFilter(CacheFilter.java:164) [magnolia-cache-core-5.9.2.jar:?]
	at info.magnolia.cms.filters.AbstractMgnlFilter.doFilter(AbstractMgnlFilter.java:85) [magnolia-core-6.2.7.jar:?]
	at info.magnolia.cms.filters.MgnlFilterChain.doFilter(MgnlFilterChain.java:79) [magnolia-core-6.2.7.jar:?]
	at info.magnolia.cms.i18n.I18nContentSupportFilter.doFilter(I18nContentSupportFilter.java:85) [magnolia-core-6.2.7.jar:?]
	at info.magnolia.cms.filters.AbstractMgnlFilter.doFilter(AbstractMgnlFilter.java:85) [magnolia-core-6.2.7.jar:?]
	at info.magnolia.cms.filters.MgnlFilterChain.doFilter(MgnlFilterChain.java:79) [magnolia-core-6.2.7.jar:?]
	at info.magnolia.cms.filters.RangeSupportFilter.doFilter(RangeSupportFilter.java:78) [magnolia-core-6.2.7.jar:?]
	at info.magnolia.cms.filters.AbstractMgnlFilter.doFilter(AbstractMgnlFilter.java:85) [magnolia-core-6.2.7.jar:?]
	at info.magnolia.cms.filters.MgnlFilterChain.doFilter(MgnlFilterChain.java:79) [magnolia-core-6.2.7.jar:?]
	at info.magnolia.cms.security.BaseSecurityFilter.doFilter(BaseSecurityFilter.java:57) [magnolia-core-6.2.7.jar:?]
	at info.magnolia.cms.filters.AbstractMgnlFilter.doFilter(AbstractMgnlFilter.java:85) [magnolia-core-6.2.7.jar:?]
	at info.magnolia.cms.filters.MgnlFilterChain.doFilter(MgnlFilterChain.java:79) [magnolia-core-6.2.7.jar:?]
	at info.magnolia.cms.filters.MgnlFilterChain.doFilter(MgnlFilterChain.java:81) [magnolia-core-6.2.7.jar:?]
	at info.magnolia.cms.security.SecurityCallbackFilter.doFilter(SecurityCallbackFilter.java:84) [magnolia-core-6.2.7.jar:?]
	at info.magnolia.cms.filters.OncePerRequestAbstractMgnlFilter.doFilter(OncePerRequestAbstractMgnlFilter.java:59) [magnolia-core-6.2.7.jar:?]
	at info.magnolia.cms.filters.MgnlFilterChain.doFilter(MgnlFilterChain.java:79) [magnolia-core-6.2.7.jar:?]
	at info.magnolia.cms.security.LogoutFilter.doFilter(LogoutFilter.java:94) [magnolia-core-6.2.7.jar:?]
	at info.magnolia.cms.filters.OncePerRequestAbstractMgnlFilter.doFilter(OncePerRequestAbstractMgnlFilter.java:59) [magnolia-core-6.2.7.jar:?]
	at info.magnolia.cms.filters.MgnlFilterChain.doFilter(MgnlFilterChain.java:79) [magnolia-core-6.2.7.jar:?]
	at info.magnolia.module.site.filters.SiteMergeFilter.doFilter(SiteMergeFilter.java:119) [magnolia-site-1.4.1.jar:?]
	at info.magnolia.cms.filters.AbstractMgnlFilter.doFilter(AbstractMgnlFilter.java:85) [magnolia-core-6.2.7.jar:?]
	at info.magnolia.cms.filters.MgnlFilterChain.doFilter(MgnlFilterChain.java:79) [magnolia-core-6.2.7.jar:?]
	at info.magnolia.cms.filters.MultiChannelFilter.doFilter(MultiChannelFilter.java:83) [magnolia-core-6.2.7.jar:?]
	at info.magnolia.cms.filters.AbstractMgnlFilter.doFilter(AbstractMgnlFilter.java:85) [magnolia-core-6.2.7.jar:?]
	at info.magnolia.cms.filters.MgnlFilterChain.doFilter(MgnlFilterChain.java:79) [magnolia-core-6.2.7.jar:?]
	at info.magnolia.module.cache.filter.GZipFilter.doFilter(GZipFilter.java:74) [magnolia-cache-core-5.9.2.jar:?]
	at info.magnolia.cms.filters.OncePerRequestAbstractMgnlFilter.doFilter(OncePerRequestAbstractMgnlFilter.java:59) [magnolia-core-6.2.7.jar:?]
	at info.magnolia.cms.filters.MgnlFilterChain.doFilter(MgnlFilterChain.java:79) [magnolia-core-6.2.7.jar:?]
	at info.magnolia.cms.filters.MgnlFilterChain.doFilter(MgnlFilterChain.java:81) [magnolia-core-6.2.7.jar:?]
	at info.magnolia.cms.security.auth.login.LoginFilter.doFilter(LoginFilter.java:128) [magnolia-core-6.2.7.jar:?]
	at info.magnolia.cms.filters.AbstractMgnlFilter.doFilter(AbstractMgnlFilter.java:85) [magnolia-core-6.2.7.jar:?]
	at info.magnolia.cms.filters.MgnlFilterChain.doFilter(MgnlFilterChain.java:79) [magnolia-core-6.2.7.jar:?]
	at info.magnolia.cms.security.CsrfTokenSecurityFilter.doFilter(CsrfTokenSecurityFilter.java:107) [magnolia-core-6.2.7.jar:?]
	at info.magnolia.cms.filters.AbstractMgnlFilter.doFilter(AbstractMgnlFilter.java:85) [magnolia-core-6.2.7.jar:?]
	at info.magnolia.cms.filters.MgnlFilterChain.doFilter(MgnlFilterChain.java:79) [magnolia-core-6.2.7.jar:?]
	at info.magnolia.cms.filters.MgnlFilterChain.doFilter(MgnlFilterChain.java:81) [magnolia-core-6.2.7.jar:?]
	at info.magnolia.cms.filters.MultipartRequestFilter.doFilter(MultipartRequestFilter.java:151) [magnolia-core-6.2.7.jar:?]
	at info.magnolia.cms.filters.OncePerRequestAbstractMgnlFilter.doFilter(OncePerRequestAbstractMgnlFilter.java:59) [magnolia-core-6.2.7.jar:?]
	at info.magnolia.cms.filters.MgnlFilterChain.doFilter(MgnlFilterChain.java:79) [magnolia-core-6.2.7.jar:?]
	at info.magnolia.cms.filters.ContentTypeFilter.doFilter(ContentTypeFilter.java:155) [magnolia-core-6.2.7.jar:?]
	at info.magnolia.cms.filters.AbstractMgnlFilter.doFilter(AbstractMgnlFilter.java:85) [magnolia-core-6.2.7.jar:?]
	at info.magnolia.cms.filters.MgnlFilterChain.doFilter(MgnlFilterChain.java:79) [magnolia-core-6.2.7.jar:?]
	at info.magnolia.cms.filters.ContextFilter.doFilter(ContextFilter.java:128) [magnolia-core-6.2.7.jar:?]
	at info.magnolia.cms.filters.AbstractMgnlFilter.doFilter(AbstractMgnlFilter.java:85) [magnolia-core-6.2.7.jar:?]
	at info.magnolia.cms.filters.MgnlFilterChain.doFilter(MgnlFilterChain.java:79) [magnolia-core-6.2.7.jar:?]
	at info.magnolia.cms.filters.CompositeFilter.doFilter(CompositeFilter.java:65) [magnolia-core-6.2.7.jar:?]
	at info.magnolia.cms.filters.AbstractMgnlFilter.doFilter(AbstractMgnlFilter.java:85) [magnolia-core-6.2.7.jar:?]
	at info.magnolia.cms.filters.SafeDestroyMgnlFilterWrapper.doFilter(SafeDestroyMgnlFilterWrapper.java:107) [magnolia-core-6.2.7.jar:?]
	at info.magnolia.cms.filters.MgnlFilterDispatcher.doDispatch(MgnlFilterDispatcher.java:67) [magnolia-core-6.2.7.jar:?]
	at info.magnolia.cms.filters.MgnlMainFilter.doFilter(MgnlMainFilter.java:110) [magnolia-core-6.2.7.jar:?]
	at info.magnolia.cms.filters.MgnlMainFilter.doFilter(MgnlMainFilter.java:96) [magnolia-core-6.2.7.jar:?]
	at org.apache.catalina.core.ApplicationFilterChain.internalDoFilter(ApplicationFilterChain.java:189) [catalina.jar:9.0.43]
	at org.apache.catalina.core.ApplicationFilterChain.doFilter(ApplicationFilterChain.java:162) [catalina.jar:9.0.43]
	at org.apache.catalina.core.StandardWrapperValve.invoke(StandardWrapperValve.java:202) [catalina.jar:9.0.43]
	at org.apache.catalina.core.StandardContextValve.invoke(StandardContextValve.java:97) [catalina.jar:9.0.43]
	at org.apache.catalina.authenticator.AuthenticatorBase.invoke(AuthenticatorBase.java:542) [catalina.jar:9.0.43]
	at org.apache.catalina.core.StandardHostValve.invoke(StandardHostValve.java:143) [catalina.jar:9.0.43]
	at org.apache.catalina.valves.ErrorReportValve.invoke(ErrorReportValve.java:92) [catalina.jar:9.0.43]
	at org.apache.catalina.valves.AbstractAccessLogValve.invoke(AbstractAccessLogValve.java:687) [catalina.jar:9.0.43]
	at org.apache.catalina.core.StandardEngineValve.invoke(StandardEngineValve.java:78) [catalina.jar:9.0.43]
	at org.apache.catalina.connector.CoyoteAdapter.service(CoyoteAdapter.java:346) [catalina.jar:9.0.43]
	at org.apache.coyote.http11.Http11Processor.service(Http11Processor.java:374) [tomcat-coyote.jar:9.0.43]
	at org.apache.coyote.AbstractProcessorLight.process(AbstractProcessorLight.java:65) [tomcat-coyote.jar:9.0.43]
	at org.apache.coyote.AbstractProtocol$ConnectionHandler.process(AbstractProtocol.java:887) [tomcat-coyote.jar:9.0.43]
	at org.apache.tomcat.util.net.NioEndpoint$SocketProcessor.doRun(NioEndpoint.java:1684) [tomcat-coyote.jar:9.0.43]
	at org.apache.tomcat.util.net.SocketProcessorBase.run(SocketProcessorBase.java:49) [tomcat-coyote.jar:9.0.43]
	at java.util.concurrent.ThreadPoolExecutor.runWorker(Unknown Source) [?:1.8.0_281]
	at java.util.concurrent.ThreadPoolExecutor$Worker.run(Unknown Source) [?:1.8.0_281]
	at org.apache.tomcat.util.threads.TaskThread$WrappingRunnable.run(TaskThread.java:61) [tomcat-util.jar:9.0.43]
	at java.lang.Thread.run(Unknown Source) [?:1.8.0_281]
INFO  info.magnolia.dirwatch.DirectoryWatcher 12.04.2021 23:41:06 -- File resource modified at [C:\Users\Admin\Documents\GitHub\dxpa2\apache-tomcat\webapps\magnoliaAuthor\..\..\..\light-modules\mbt\templates\components\content\heading.ftl]
INFO  info.magnolia.dirwatch.DirectoryWatcher 12.04.2021 23:41:06 -- File resource modified at [C:\Users\Admin\Documents\GitHub\dxpa2\apache-tomcat\webapps\magnoliaAuthor\..\..\..\light-modules\mbt\templates\components\content\heading.ftl]
INFO  info.magnolia.dirwatch.DirectoryWatcher 12.04.2021 23:41:18 -- File resource modified at [C:\Users\Admin\Documents\GitHub\dxpa2\apache-tomcat\webapps\magnoliaAuthor\..\..\..\light-modules\mbt\templates\components\content\heading.ftl]
INFO  info.magnolia.dirwatch.DirectoryWatcher 12.04.2021 23:41:19 -- File resource modified at [C:\Users\Admin\Documents\GitHub\dxpa2\apache-tomcat\webapps\magnoliaAuthor\..\..\..\light-modules\mbt\templates\components\content\heading.ftl]
WARN  info.magnolia.ui.framework.ioc.UiComponentProvider 12.04.2021 23:41:20 -- Attempted to cache a UIComponent (PageDetailSubApp) instance in bean store containing another UIComponent (View)
WARN  info.magnolia.dam.templating.functions.DamTemplatingFunctions 12.04.2021 23:41:21 -- The following ItemKey '' generated exceptions when trying to retrieve the associated Item : ItemKey is null or blank.
java.lang.IllegalArgumentException: ItemKey is null or blank.
	at info.magnolia.dam.templating.functions.DamTemplatingFunctions.validateItemKey(DamTemplatingFunctions.java:498) ~[magnolia-dam-templating-3.0.6.jar:?]
	at info.magnolia.dam.templating.functions.DamTemplatingFunctions.getItem(DamTemplatingFunctions.java:458) [magnolia-dam-templating-3.0.6.jar:?]
	at info.magnolia.dam.templating.functions.DamTemplatingFunctions.getAsset(DamTemplatingFunctions.java:115) [magnolia-dam-templating-3.0.6.jar:?]
	at info.magnolia.dam.templating.functions.DamTemplatingFunctions.getAssetLink(DamTemplatingFunctions.java:270) [magnolia-dam-templating-3.0.6.jar:?]
	at sun.reflect.GeneratedMethodAccessor595.invoke(Unknown Source) ~[?:?]
	at sun.reflect.DelegatingMethodAccessorImpl.invoke(Unknown Source) ~[?:1.8.0_281]
	at java.lang.reflect.Method.invoke(Unknown Source) ~[?:1.8.0_281]
	at freemarker.ext.beans.BeansWrapper.invokeMethod(BeansWrapper.java:1505) [freemarker-2.3.29.jar:2.3.29]
	at freemarker.ext.beans.ReflectionCallableMemberDescriptor.invokeMethod(ReflectionCallableMemberDescriptor.java:56) [freemarker-2.3.29.jar:2.3.29]
	at freemarker.ext.beans.MemberAndArguments.invokeMethod(MemberAndArguments.java:51) [freemarker-2.3.29.jar:2.3.29]
	at freemarker.ext.beans.OverloadedMethodsModel.exec(OverloadedMethodsModel.java:61) [freemarker-2.3.29.jar:2.3.29]
	at freemarker.core.MethodCall._eval(MethodCall.java:62) [freemarker-2.3.29.jar:2.3.29]
	at freemarker.core.Expression.eval(Expression.java:101) [freemarker-2.3.29.jar:2.3.29]
	at freemarker.core.DefaultToExpression._eval(DefaultToExpression.java:88) [freemarker-2.3.29.jar:2.3.29]
	at freemarker.core.Expression.eval(Expression.java:101) [freemarker-2.3.29.jar:2.3.29]
	at freemarker.core.Assignment.accept(Assignment.java:134) [freemarker-2.3.29.jar:2.3.29]
	at freemarker.core.Environment.visit(Environment.java:331) [freemarker-2.3.29.jar:2.3.29]
	at freemarker.core.Environment.visit(Environment.java:337) [freemarker-2.3.29.jar:2.3.29]
	at freemarker.core.Environment.visit(Environment.java:337) [freemarker-2.3.29.jar:2.3.29]
	at freemarker.core.Environment.process(Environment.java:310) [freemarker-2.3.29.jar:2.3.29]
	at freemarker.template.Template.process(Template.java:383) [freemarker-2.3.29.jar:2.3.29]
	at info.magnolia.freemarker.FreemarkerHelper.render(FreemarkerHelper.java:170) [magnolia-freemarker-support-6.2.7.jar:?]
	at info.magnolia.rendering.renderer.FreemarkerRenderer.onRender(FreemarkerRenderer.java:99) [magnolia-rendering-6.2.7.jar:?]
	at info.magnolia.rendering.renderer.AbstractRenderer.render(AbstractRenderer.java:166) [magnolia-rendering-6.2.7.jar:?]
	at info.magnolia.rendering.engine.DefaultRenderingEngine.render(DefaultRenderingEngine.java:119) [magnolia-rendering-6.2.7.jar:?]
	at info.magnolia.rendering.engine.DefaultRenderingEngine$$EnhancerByCGLIB$$94e77e91.render(<generated>) [magnolia-rendering-6.2.7.jar:?]
	at info.magnolia.templating.elements.ComponentElement.begin(ComponentElement.java:126) [magnolia-templating-6.2.7.jar:?]
	at info.magnolia.templating.renderers.NoScriptRenderer.onRender(NoScriptRenderer.java:103) [magnolia-templating-6.2.7.jar:?]
	at info.magnolia.templating.renderers.NoScriptRenderer.render(NoScriptRenderer.java:81) [magnolia-templating-6.2.7.jar:?]
	at info.magnolia.rendering.engine.DefaultRenderingEngine.render(DefaultRenderingEngine.java:119) [magnolia-rendering-6.2.7.jar:?]
	at info.magnolia.rendering.engine.DefaultRenderingEngine$$EnhancerByCGLIB$$94e77e91.render(<generated>) [magnolia-rendering-6.2.7.jar:?]
	at info.magnolia.templating.elements.AreaElement.end(AreaElement.java:288) [magnolia-templating-6.2.7.jar:?]
	at info.magnolia.templating.freemarker.AbstractDirective.execute(AbstractDirective.java:97) [magnolia-templating-6.2.7.jar:?]
	at freemarker.core.Environment.visit(Environment.java:446) [freemarker-2.3.29.jar:2.3.29]
	at freemarker.core.UnifiedCall.accept(UnifiedCall.java:101) [freemarker-2.3.29.jar:2.3.29]
	at freemarker.core.Environment.visit(Environment.java:331) [freemarker-2.3.29.jar:2.3.29]
	at freemarker.core.Environment.visit(Environment.java:337) [freemarker-2.3.29.jar:2.3.29]
	at freemarker.core.Environment.process(Environment.java:310) [freemarker-2.3.29.jar:2.3.29]
	at freemarker.template.Template.process(Template.java:383) [freemarker-2.3.29.jar:2.3.29]
	at info.magnolia.freemarker.FreemarkerHelper.render(FreemarkerHelper.java:170) [magnolia-freemarker-support-6.2.7.jar:?]
	at info.magnolia.rendering.renderer.FreemarkerRenderer.onRender(FreemarkerRenderer.java:99) [magnolia-rendering-6.2.7.jar:?]
	at info.magnolia.rendering.renderer.AbstractRenderer.render(AbstractRenderer.java:166) [magnolia-rendering-6.2.7.jar:?]
	at info.magnolia.rendering.engine.DefaultRenderingEngine.render(DefaultRenderingEngine.java:119) [magnolia-rendering-6.2.7.jar:?]
	at info.magnolia.rendering.engine.DefaultRenderingEngine$$EnhancerByCGLIB$$94e77e91.render(<generated>) [magnolia-rendering-6.2.7.jar:?]
	at info.magnolia.rendering.engine.RenderingFilter.render(RenderingFilter.java:195) [magnolia-rendering-6.2.7.jar:?]
	at info.magnolia.rendering.engine.RenderingFilter.handleTemplateRequest(RenderingFilter.java:140) [magnolia-rendering-6.2.7.jar:?]
	at info.magnolia.rendering.engine.RenderingFilter.doFilter(RenderingFilter.java:94) [magnolia-rendering-6.2.7.jar:?]
	at info.magnolia.cms.filters.AbstractMgnlFilter.doFilter(AbstractMgnlFilter.java:85) [magnolia-core-6.2.7.jar:?]
	at info.magnolia.cms.filters.MgnlFilterChain.doFilter(MgnlFilterChain.java:79) [magnolia-core-6.2.7.jar:?]
	at info.magnolia.rendering.model.ModelExecutionFilter.doFilter(ModelExecutionFilter.java:109) [magnolia-rendering-6.2.7.jar:?]
	at info.magnolia.cms.filters.OncePerRequestAbstractMgnlFilter.doFilter(OncePerRequestAbstractMgnlFilter.java:59) [magnolia-core-6.2.7.jar:?]
	at info.magnolia.cms.filters.MgnlFilterChain.doFilter(MgnlFilterChain.java:79) [magnolia-core-6.2.7.jar:?]
	at info.magnolia.cms.filters.AggregatorFilter.doFilter(AggregatorFilter.java:133) [magnolia-core-6.2.7.jar:?]
	at info.magnolia.cms.filters.AbstractMgnlFilter.doFilter(AbstractMgnlFilter.java:85) [magnolia-core-6.2.7.jar:?]
	at info.magnolia.cms.filters.MgnlFilterChain.doFilter(MgnlFilterChain.java:79) [magnolia-core-6.2.7.jar:?]
	at info.magnolia.cms.security.BaseSecurityFilter.doFilter(BaseSecurityFilter.java:57) [magnolia-core-6.2.7.jar:?]
	at info.magnolia.cms.filters.AbstractMgnlFilter.doFilter(AbstractMgnlFilter.java:85) [magnolia-core-6.2.7.jar:?]
	at info.magnolia.cms.filters.MgnlFilterChain.doFilter(MgnlFilterChain.java:79) [magnolia-core-6.2.7.jar:?]
	at info.magnolia.cms.filters.RepositoryMappingFilter.doFilter(RepositoryMappingFilter.java:122) [magnolia-core-6.2.7.jar:?]
	at info.magnolia.cms.filters.AbstractMgnlFilter.doFilter(AbstractMgnlFilter.java:85) [magnolia-core-6.2.7.jar:?]
	at info.magnolia.cms.filters.MgnlFilterChain.doFilter(MgnlFilterChain.java:79) [magnolia-core-6.2.7.jar:?]
	at info.magnolia.cms.filters.CompositeFilter.doFilter(CompositeFilter.java:65) [magnolia-core-6.2.7.jar:?]
	at info.magnolia.cms.filters.AbstractMgnlFilter.doFilter(AbstractMgnlFilter.java:85) [magnolia-core-6.2.7.jar:?]
	at info.magnolia.cms.filters.MgnlFilterChain.doFilter(MgnlFilterChain.java:79) [magnolia-core-6.2.7.jar:?]
	at info.magnolia.cms.filters.MgnlFilterChain.doFilter(MgnlFilterChain.java:74) [magnolia-core-6.2.7.jar:?]
	at info.magnolia.cms.filters.MgnlFilterChain.doFilter(MgnlFilterChain.java:81) [magnolia-core-6.2.7.jar:?]
	at info.magnolia.cms.filters.MgnlFilterChain.doFilter(MgnlFilterChain.java:81) [magnolia-core-6.2.7.jar:?]
	at info.magnolia.cms.filters.MgnlFilterChain.doFilter(MgnlFilterChain.java:81) [magnolia-core-6.2.7.jar:?]
	at info.magnolia.cms.filters.MgnlFilterChain.doFilter(MgnlFilterChain.java:81) [magnolia-core-6.2.7.jar:?]
	at info.magnolia.cms.filters.MgnlFilterChain.doFilter(MgnlFilterChain.java:81) [magnolia-core-6.2.7.jar:?]
	at info.magnolia.cms.filters.MgnlFilterChain.doFilter(MgnlFilterChain.java:81) [magnolia-core-6.2.7.jar:?]
	at info.magnolia.cms.filters.MgnlFilterChain.doFilter(MgnlFilterChain.java:81) [magnolia-core-6.2.7.jar:?]
	at info.magnolia.cms.filters.MgnlFilterChain.doFilter(MgnlFilterChain.java:81) [magnolia-core-6.2.7.jar:?]
	at info.magnolia.cms.filters.CompositeFilter.doFilter(CompositeFilter.java:65) [magnolia-core-6.2.7.jar:?]
	at info.magnolia.cms.filters.AbstractMgnlFilter.doFilter(AbstractMgnlFilter.java:85) [magnolia-core-6.2.7.jar:?]
	at info.magnolia.cms.filters.MgnlFilterChain.doFilter(MgnlFilterChain.java:79) [magnolia-core-6.2.7.jar:?]
	at info.magnolia.virtualuri.VirtualUriFilter.doFilter(VirtualUriFilter.java:98) [magnolia-virtual-uri-6.2.7.jar:?]
	at info.magnolia.cms.filters.AbstractMgnlFilter.doFilter(AbstractMgnlFilter.java:85) [magnolia-core-6.2.7.jar:?]
	at info.magnolia.cms.filters.MgnlFilterChain.doFilter(MgnlFilterChain.java:79) [magnolia-core-6.2.7.jar:?]
	at info.magnolia.cms.filters.MgnlFilterChain.doFilter(MgnlFilterChain.java:81) [magnolia-core-6.2.7.jar:?]
	at info.magnolia.module.cache.executor.Bypass.processCacheRequest(Bypass.java:58) [magnolia-cache-core-5.9.2.jar:?]
	at info.magnolia.module.cache.executor.CompositeExecutor.processCacheRequest(CompositeExecutor.java:66) [magnolia-cache-core-5.9.2.jar:?]
	at info.magnolia.module.cache.filter.CacheFilter.doFilter(CacheFilter.java:164) [magnolia-cache-core-5.9.2.jar:?]
	at info.magnolia.cms.filters.AbstractMgnlFilter.doFilter(AbstractMgnlFilter.java:85) [magnolia-core-6.2.7.jar:?]
	at info.magnolia.cms.filters.MgnlFilterChain.doFilter(MgnlFilterChain.java:79) [magnolia-core-6.2.7.jar:?]
	at info.magnolia.cms.i18n.I18nContentSupportFilter.doFilter(I18nContentSupportFilter.java:85) [magnolia-core-6.2.7.jar:?]
	at info.magnolia.cms.filters.AbstractMgnlFilter.doFilter(AbstractMgnlFilter.java:85) [magnolia-core-6.2.7.jar:?]
	at info.magnolia.cms.filters.MgnlFilterChain.doFilter(MgnlFilterChain.java:79) [magnolia-core-6.2.7.jar:?]
	at info.magnolia.cms.filters.RangeSupportFilter.doFilter(RangeSupportFilter.java:78) [magnolia-core-6.2.7.jar:?]
	at info.magnolia.cms.filters.AbstractMgnlFilter.doFilter(AbstractMgnlFilter.java:85) [magnolia-core-6.2.7.jar:?]
	at info.magnolia.cms.filters.MgnlFilterChain.doFilter(MgnlFilterChain.java:79) [magnolia-core-6.2.7.jar:?]
	at info.magnolia.cms.security.BaseSecurityFilter.doFilter(BaseSecurityFilter.java:57) [magnolia-core-6.2.7.jar:?]
	at info.magnolia.cms.filters.AbstractMgnlFilter.doFilter(AbstractMgnlFilter.java:85) [magnolia-core-6.2.7.jar:?]
	at info.magnolia.cms.filters.MgnlFilterChain.doFilter(MgnlFilterChain.java:79) [magnolia-core-6.2.7.jar:?]
	at info.magnolia.cms.filters.MgnlFilterChain.doFilter(MgnlFilterChain.java:81) [magnolia-core-6.2.7.jar:?]
	at info.magnolia.cms.security.SecurityCallbackFilter.doFilter(SecurityCallbackFilter.java:84) [magnolia-core-6.2.7.jar:?]
	at info.magnolia.cms.filters.OncePerRequestAbstractMgnlFilter.doFilter(OncePerRequestAbstractMgnlFilter.java:59) [magnolia-core-6.2.7.jar:?]
	at info.magnolia.cms.filters.MgnlFilterChain.doFilter(MgnlFilterChain.java:79) [magnolia-core-6.2.7.jar:?]
	at info.magnolia.cms.security.LogoutFilter.doFilter(LogoutFilter.java:94) [magnolia-core-6.2.7.jar:?]
	at info.magnolia.cms.filters.OncePerRequestAbstractMgnlFilter.doFilter(OncePerRequestAbstractMgnlFilter.java:59) [magnolia-core-6.2.7.jar:?]
	at info.magnolia.cms.filters.MgnlFilterChain.doFilter(MgnlFilterChain.java:79) [magnolia-core-6.2.7.jar:?]
	at info.magnolia.module.site.filters.SiteMergeFilter.doFilter(SiteMergeFilter.java:119) [magnolia-site-1.4.1.jar:?]
	at info.magnolia.cms.filters.AbstractMgnlFilter.doFilter(AbstractMgnlFilter.java:85) [magnolia-core-6.2.7.jar:?]
	at info.magnolia.cms.filters.MgnlFilterChain.doFilter(MgnlFilterChain.java:79) [magnolia-core-6.2.7.jar:?]
	at info.magnolia.cms.filters.MultiChannelFilter.doFilter(MultiChannelFilter.java:83) [magnolia-core-6.2.7.jar:?]
	at info.magnolia.cms.filters.AbstractMgnlFilter.doFilter(AbstractMgnlFilter.java:85) [magnolia-core-6.2.7.jar:?]
	at info.magnolia.cms.filters.MgnlFilterChain.doFilter(MgnlFilterChain.java:79) [magnolia-core-6.2.7.jar:?]
	at info.magnolia.module.cache.filter.GZipFilter.doFilter(GZipFilter.java:74) [magnolia-cache-core-5.9.2.jar:?]
	at info.magnolia.cms.filters.OncePerRequestAbstractMgnlFilter.doFilter(OncePerRequestAbstractMgnlFilter.java:59) [magnolia-core-6.2.7.jar:?]
	at info.magnolia.cms.filters.MgnlFilterChain.doFilter(MgnlFilterChain.java:79) [magnolia-core-6.2.7.jar:?]
	at info.magnolia.cms.filters.MgnlFilterChain.doFilter(MgnlFilterChain.java:81) [magnolia-core-6.2.7.jar:?]
	at info.magnolia.cms.security.auth.login.LoginFilter.doFilter(LoginFilter.java:128) [magnolia-core-6.2.7.jar:?]
	at info.magnolia.cms.filters.AbstractMgnlFilter.doFilter(AbstractMgnlFilter.java:85) [magnolia-core-6.2.7.jar:?]
	at info.magnolia.cms.filters.MgnlFilterChain.doFilter(MgnlFilterChain.java:79) [magnolia-core-6.2.7.jar:?]
	at info.magnolia.cms.security.CsrfTokenSecurityFilter.doFilter(CsrfTokenSecurityFilter.java:107) [magnolia-core-6.2.7.jar:?]
	at info.magnolia.cms.filters.AbstractMgnlFilter.doFilter(AbstractMgnlFilter.java:85) [magnolia-core-6.2.7.jar:?]
	at info.magnolia.cms.filters.MgnlFilterChain.doFilter(MgnlFilterChain.java:79) [magnolia-core-6.2.7.jar:?]
	at info.magnolia.cms.filters.MgnlFilterChain.doFilter(MgnlFilterChain.java:81) [magnolia-core-6.2.7.jar:?]
	at info.magnolia.cms.filters.MultipartRequestFilter.doFilter(MultipartRequestFilter.java:151) [magnolia-core-6.2.7.jar:?]
	at info.magnolia.cms.filters.OncePerRequestAbstractMgnlFilter.doFilter(OncePerRequestAbstractMgnlFilter.java:59) [magnolia-core-6.2.7.jar:?]
	at info.magnolia.cms.filters.MgnlFilterChain.doFilter(MgnlFilterChain.java:79) [magnolia-core-6.2.7.jar:?]
	at info.magnolia.cms.filters.ContentTypeFilter.doFilter(ContentTypeFilter.java:155) [magnolia-core-6.2.7.jar:?]
	at info.magnolia.cms.filters.AbstractMgnlFilter.doFilter(AbstractMgnlFilter.java:85) [magnolia-core-6.2.7.jar:?]
	at info.magnolia.cms.filters.MgnlFilterChain.doFilter(MgnlFilterChain.java:79) [magnolia-core-6.2.7.jar:?]
	at info.magnolia.cms.filters.ContextFilter.doFilter(ContextFilter.java:128) [magnolia-core-6.2.7.jar:?]
	at info.magnolia.cms.filters.AbstractMgnlFilter.doFilter(AbstractMgnlFilter.java:85) [magnolia-core-6.2.7.jar:?]
	at info.magnolia.cms.filters.MgnlFilterChain.doFilter(MgnlFilterChain.java:79) [magnolia-core-6.2.7.jar:?]
	at info.magnolia.cms.filters.CompositeFilter.doFilter(CompositeFilter.java:65) [magnolia-core-6.2.7.jar:?]
	at info.magnolia.cms.filters.AbstractMgnlFilter.doFilter(AbstractMgnlFilter.java:85) [magnolia-core-6.2.7.jar:?]
	at info.magnolia.cms.filters.SafeDestroyMgnlFilterWrapper.doFilter(SafeDestroyMgnlFilterWrapper.java:107) [magnolia-core-6.2.7.jar:?]
	at info.magnolia.cms.filters.MgnlFilterDispatcher.doDispatch(MgnlFilterDispatcher.java:67) [magnolia-core-6.2.7.jar:?]
	at info.magnolia.cms.filters.MgnlMainFilter.doFilter(MgnlMainFilter.java:110) [magnolia-core-6.2.7.jar:?]
	at info.magnolia.cms.filters.MgnlMainFilter.doFilter(MgnlMainFilter.java:96) [magnolia-core-6.2.7.jar:?]
	at org.apache.catalina.core.ApplicationFilterChain.internalDoFilter(ApplicationFilterChain.java:189) [catalina.jar:9.0.43]
	at org.apache.catalina.core.ApplicationFilterChain.doFilter(ApplicationFilterChain.java:162) [catalina.jar:9.0.43]
	at org.apache.catalina.core.StandardWrapperValve.invoke(StandardWrapperValve.java:202) [catalina.jar:9.0.43]
	at org.apache.catalina.core.StandardContextValve.invoke(StandardContextValve.java:97) [catalina.jar:9.0.43]
	at org.apache.catalina.authenticator.AuthenticatorBase.invoke(AuthenticatorBase.java:542) [catalina.jar:9.0.43]
	at org.apache.catalina.core.StandardHostValve.invoke(StandardHostValve.java:143) [catalina.jar:9.0.43]
	at org.apache.catalina.valves.ErrorReportValve.invoke(ErrorReportValve.java:92) [catalina.jar:9.0.43]
	at org.apache.catalina.valves.AbstractAccessLogValve.invoke(AbstractAccessLogValve.java:687) [catalina.jar:9.0.43]
	at org.apache.catalina.core.StandardEngineValve.invoke(StandardEngineValve.java:78) [catalina.jar:9.0.43]
	at org.apache.catalina.connector.CoyoteAdapter.service(CoyoteAdapter.java:346) [catalina.jar:9.0.43]
	at org.apache.coyote.http11.Http11Processor.service(Http11Processor.java:374) [tomcat-coyote.jar:9.0.43]
	at org.apache.coyote.AbstractProcessorLight.process(AbstractProcessorLight.java:65) [tomcat-coyote.jar:9.0.43]
	at org.apache.coyote.AbstractProtocol$ConnectionHandler.process(AbstractProtocol.java:887) [tomcat-coyote.jar:9.0.43]
	at org.apache.tomcat.util.net.NioEndpoint$SocketProcessor.doRun(NioEndpoint.java:1684) [tomcat-coyote.jar:9.0.43]
	at org.apache.tomcat.util.net.SocketProcessorBase.run(SocketProcessorBase.java:49) [tomcat-coyote.jar:9.0.43]
	at java.util.concurrent.ThreadPoolExecutor.runWorker(Unknown Source) [?:1.8.0_281]
	at java.util.concurrent.ThreadPoolExecutor$Worker.run(Unknown Source) [?:1.8.0_281]
	at org.apache.tomcat.util.threads.TaskThread$WrappingRunnable.run(TaskThread.java:61) [tomcat-util.jar:9.0.43]
	at java.lang.Thread.run(Unknown Source) [?:1.8.0_281]
WARN  info.magnolia.dam.templating.functions.DamTemplatingFunctions 12.04.2021 23:41:35 -- The following ItemKey '' generated exceptions when trying to retrieve the associated Item : ItemKey is null or blank.
java.lang.IllegalArgumentException: ItemKey is null or blank.
	at info.magnolia.dam.templating.functions.DamTemplatingFunctions.validateItemKey(DamTemplatingFunctions.java:498) ~[magnolia-dam-templating-3.0.6.jar:?]
	at info.magnolia.dam.templating.functions.DamTemplatingFunctions.getItem(DamTemplatingFunctions.java:458) [magnolia-dam-templating-3.0.6.jar:?]
	at info.magnolia.dam.templating.functions.DamTemplatingFunctions.getAsset(DamTemplatingFunctions.java:115) [magnolia-dam-templating-3.0.6.jar:?]
	at info.magnolia.dam.templating.functions.DamTemplatingFunctions.getAssetLink(DamTemplatingFunctions.java:270) [magnolia-dam-templating-3.0.6.jar:?]
	at sun.reflect.GeneratedMethodAccessor595.invoke(Unknown Source) ~[?:?]
	at sun.reflect.DelegatingMethodAccessorImpl.invoke(Unknown Source) ~[?:1.8.0_281]
	at java.lang.reflect.Method.invoke(Unknown Source) ~[?:1.8.0_281]
	at freemarker.ext.beans.BeansWrapper.invokeMethod(BeansWrapper.java:1505) [freemarker-2.3.29.jar:2.3.29]
	at freemarker.ext.beans.ReflectionCallableMemberDescriptor.invokeMethod(ReflectionCallableMemberDescriptor.java:56) [freemarker-2.3.29.jar:2.3.29]
	at freemarker.ext.beans.MemberAndArguments.invokeMethod(MemberAndArguments.java:51) [freemarker-2.3.29.jar:2.3.29]
	at freemarker.ext.beans.OverloadedMethodsModel.exec(OverloadedMethodsModel.java:61) [freemarker-2.3.29.jar:2.3.29]
	at freemarker.core.MethodCall._eval(MethodCall.java:62) [freemarker-2.3.29.jar:2.3.29]
	at freemarker.core.Expression.eval(Expression.java:101) [freemarker-2.3.29.jar:2.3.29]
	at freemarker.core.DefaultToExpression._eval(DefaultToExpression.java:88) [freemarker-2.3.29.jar:2.3.29]
	at freemarker.core.Expression.eval(Expression.java:101) [freemarker-2.3.29.jar:2.3.29]
	at freemarker.core.Assignment.accept(Assignment.java:134) [freemarker-2.3.29.jar:2.3.29]
	at freemarker.core.Environment.visit(Environment.java:331) [freemarker-2.3.29.jar:2.3.29]
	at freemarker.core.Environment.visit(Environment.java:337) [freemarker-2.3.29.jar:2.3.29]
	at freemarker.core.Environment.visit(Environment.java:337) [freemarker-2.3.29.jar:2.3.29]
	at freemarker.core.Environment.process(Environment.java:310) [freemarker-2.3.29.jar:2.3.29]
	at freemarker.template.Template.process(Template.java:383) [freemarker-2.3.29.jar:2.3.29]
	at info.magnolia.freemarker.FreemarkerHelper.render(FreemarkerHelper.java:170) [magnolia-freemarker-support-6.2.7.jar:?]
	at info.magnolia.rendering.renderer.FreemarkerRenderer.onRender(FreemarkerRenderer.java:99) [magnolia-rendering-6.2.7.jar:?]
	at info.magnolia.rendering.renderer.AbstractRenderer.render(AbstractRenderer.java:166) [magnolia-rendering-6.2.7.jar:?]
	at info.magnolia.rendering.engine.DefaultRenderingEngine.render(DefaultRenderingEngine.java:119) [magnolia-rendering-6.2.7.jar:?]
	at info.magnolia.rendering.engine.DefaultRenderingEngine$$EnhancerByCGLIB$$94e77e91.render(<generated>) [magnolia-rendering-6.2.7.jar:?]
	at info.magnolia.templating.elements.ComponentElement.begin(ComponentElement.java:126) [magnolia-templating-6.2.7.jar:?]
	at info.magnolia.templating.renderers.NoScriptRenderer.onRender(NoScriptRenderer.java:103) [magnolia-templating-6.2.7.jar:?]
	at info.magnolia.templating.renderers.NoScriptRenderer.render(NoScriptRenderer.java:81) [magnolia-templating-6.2.7.jar:?]
	at info.magnolia.rendering.engine.DefaultRenderingEngine.render(DefaultRenderingEngine.java:119) [magnolia-rendering-6.2.7.jar:?]
	at info.magnolia.rendering.engine.DefaultRenderingEngine$$EnhancerByCGLIB$$94e77e91.render(<generated>) [magnolia-rendering-6.2.7.jar:?]
	at info.magnolia.templating.elements.AreaElement.end(AreaElement.java:288) [magnolia-templating-6.2.7.jar:?]
	at info.magnolia.templating.freemarker.AbstractDirective.execute(AbstractDirective.java:97) [magnolia-templating-6.2.7.jar:?]
	at freemarker.core.Environment.visit(Environment.java:446) [freemarker-2.3.29.jar:2.3.29]
	at freemarker.core.UnifiedCall.accept(UnifiedCall.java:101) [freemarker-2.3.29.jar:2.3.29]
	at freemarker.core.Environment.visit(Environment.java:331) [freemarker-2.3.29.jar:2.3.29]
	at freemarker.core.Environment.visit(Environment.java:337) [freemarker-2.3.29.jar:2.3.29]
	at freemarker.core.Environment.process(Environment.java:310) [freemarker-2.3.29.jar:2.3.29]
	at freemarker.template.Template.process(Template.java:383) [freemarker-2.3.29.jar:2.3.29]
	at info.magnolia.freemarker.FreemarkerHelper.render(FreemarkerHelper.java:170) [magnolia-freemarker-support-6.2.7.jar:?]
	at info.magnolia.rendering.renderer.FreemarkerRenderer.onRender(FreemarkerRenderer.java:99) [magnolia-rendering-6.2.7.jar:?]
	at info.magnolia.rendering.renderer.AbstractRenderer.render(AbstractRenderer.java:166) [magnolia-rendering-6.2.7.jar:?]
	at info.magnolia.rendering.engine.DefaultRenderingEngine.render(DefaultRenderingEngine.java:119) [magnolia-rendering-6.2.7.jar:?]
	at info.magnolia.rendering.engine.DefaultRenderingEngine$$EnhancerByCGLIB$$94e77e91.render(<generated>) [magnolia-rendering-6.2.7.jar:?]
	at info.magnolia.rendering.engine.RenderingFilter.render(RenderingFilter.java:195) [magnolia-rendering-6.2.7.jar:?]
	at info.magnolia.rendering.engine.RenderingFilter.handleTemplateRequest(RenderingFilter.java:140) [magnolia-rendering-6.2.7.jar:?]
	at info.magnolia.rendering.engine.RenderingFilter.doFilter(RenderingFilter.java:94) [magnolia-rendering-6.2.7.jar:?]
	at info.magnolia.cms.filters.AbstractMgnlFilter.doFilter(AbstractMgnlFilter.java:85) [magnolia-core-6.2.7.jar:?]
	at info.magnolia.cms.filters.MgnlFilterChain.doFilter(MgnlFilterChain.java:79) [magnolia-core-6.2.7.jar:?]
	at info.magnolia.rendering.model.ModelExecutionFilter.doFilter(ModelExecutionFilter.java:109) [magnolia-rendering-6.2.7.jar:?]
	at info.magnolia.cms.filters.OncePerRequestAbstractMgnlFilter.doFilter(OncePerRequestAbstractMgnlFilter.java:59) [magnolia-core-6.2.7.jar:?]
	at info.magnolia.cms.filters.MgnlFilterChain.doFilter(MgnlFilterChain.java:79) [magnolia-core-6.2.7.jar:?]
	at info.magnolia.cms.filters.AggregatorFilter.doFilter(AggregatorFilter.java:133) [magnolia-core-6.2.7.jar:?]
	at info.magnolia.cms.filters.AbstractMgnlFilter.doFilter(AbstractMgnlFilter.java:85) [magnolia-core-6.2.7.jar:?]
	at info.magnolia.cms.filters.MgnlFilterChain.doFilter(MgnlFilterChain.java:79) [magnolia-core-6.2.7.jar:?]
	at info.magnolia.cms.security.BaseSecurityFilter.doFilter(BaseSecurityFilter.java:57) [magnolia-core-6.2.7.jar:?]
	at info.magnolia.cms.filters.AbstractMgnlFilter.doFilter(AbstractMgnlFilter.java:85) [magnolia-core-6.2.7.jar:?]
	at info.magnolia.cms.filters.MgnlFilterChain.doFilter(MgnlFilterChain.java:79) [magnolia-core-6.2.7.jar:?]
	at info.magnolia.cms.filters.RepositoryMappingFilter.doFilter(RepositoryMappingFilter.java:122) [magnolia-core-6.2.7.jar:?]
	at info.magnolia.cms.filters.AbstractMgnlFilter.doFilter(AbstractMgnlFilter.java:85) [magnolia-core-6.2.7.jar:?]
	at info.magnolia.cms.filters.MgnlFilterChain.doFilter(MgnlFilterChain.java:79) [magnolia-core-6.2.7.jar:?]
	at info.magnolia.cms.filters.CompositeFilter.doFilter(CompositeFilter.java:65) [magnolia-core-6.2.7.jar:?]
	at info.magnolia.cms.filters.AbstractMgnlFilter.doFilter(AbstractMgnlFilter.java:85) [magnolia-core-6.2.7.jar:?]
	at info.magnolia.cms.filters.MgnlFilterChain.doFilter(MgnlFilterChain.java:79) [magnolia-core-6.2.7.jar:?]
	at info.magnolia.cms.filters.MgnlFilterChain.doFilter(MgnlFilterChain.java:74) [magnolia-core-6.2.7.jar:?]
	at info.magnolia.cms.filters.MgnlFilterChain.doFilter(MgnlFilterChain.java:81) [magnolia-core-6.2.7.jar:?]
	at info.magnolia.cms.filters.MgnlFilterChain.doFilter(MgnlFilterChain.java:81) [magnolia-core-6.2.7.jar:?]
	at info.magnolia.cms.filters.MgnlFilterChain.doFilter(MgnlFilterChain.java:81) [magnolia-core-6.2.7.jar:?]
	at info.magnolia.cms.filters.MgnlFilterChain.doFilter(MgnlFilterChain.java:81) [magnolia-core-6.2.7.jar:?]
	at info.magnolia.cms.filters.MgnlFilterChain.doFilter(MgnlFilterChain.java:81) [magnolia-core-6.2.7.jar:?]
	at info.magnolia.cms.filters.MgnlFilterChain.doFilter(MgnlFilterChain.java:81) [magnolia-core-6.2.7.jar:?]
	at info.magnolia.cms.filters.MgnlFilterChain.doFilter(MgnlFilterChain.java:81) [magnolia-core-6.2.7.jar:?]
	at info.magnolia.cms.filters.MgnlFilterChain.doFilter(MgnlFilterChain.java:81) [magnolia-core-6.2.7.jar:?]
	at info.magnolia.cms.filters.CompositeFilter.doFilter(CompositeFilter.java:65) [magnolia-core-6.2.7.jar:?]
	at info.magnolia.cms.filters.AbstractMgnlFilter.doFilter(AbstractMgnlFilter.java:85) [magnolia-core-6.2.7.jar:?]
	at info.magnolia.cms.filters.MgnlFilterChain.doFilter(MgnlFilterChain.java:79) [magnolia-core-6.2.7.jar:?]
	at info.magnolia.virtualuri.VirtualUriFilter.doFilter(VirtualUriFilter.java:98) [magnolia-virtual-uri-6.2.7.jar:?]
	at info.magnolia.cms.filters.AbstractMgnlFilter.doFilter(AbstractMgnlFilter.java:85) [magnolia-core-6.2.7.jar:?]
	at info.magnolia.cms.filters.MgnlFilterChain.doFilter(MgnlFilterChain.java:79) [magnolia-core-6.2.7.jar:?]
	at info.magnolia.cms.filters.MgnlFilterChain.doFilter(MgnlFilterChain.java:81) [magnolia-core-6.2.7.jar:?]
	at info.magnolia.module.cache.executor.Bypass.processCacheRequest(Bypass.java:58) [magnolia-cache-core-5.9.2.jar:?]
	at info.magnolia.module.cache.executor.CompositeExecutor.processCacheRequest(CompositeExecutor.java:66) [magnolia-cache-core-5.9.2.jar:?]
	at info.magnolia.module.cache.filter.CacheFilter.doFilter(CacheFilter.java:164) [magnolia-cache-core-5.9.2.jar:?]
	at info.magnolia.cms.filters.AbstractMgnlFilter.doFilter(AbstractMgnlFilter.java:85) [magnolia-core-6.2.7.jar:?]
	at info.magnolia.cms.filters.MgnlFilterChain.doFilter(MgnlFilterChain.java:79) [magnolia-core-6.2.7.jar:?]
	at info.magnolia.cms.i18n.I18nContentSupportFilter.doFilter(I18nContentSupportFilter.java:85) [magnolia-core-6.2.7.jar:?]
	at info.magnolia.cms.filters.AbstractMgnlFilter.doFilter(AbstractMgnlFilter.java:85) [magnolia-core-6.2.7.jar:?]
	at info.magnolia.cms.filters.MgnlFilterChain.doFilter(MgnlFilterChain.java:79) [magnolia-core-6.2.7.jar:?]
	at info.magnolia.cms.filters.RangeSupportFilter.doFilter(RangeSupportFilter.java:78) [magnolia-core-6.2.7.jar:?]
	at info.magnolia.cms.filters.AbstractMgnlFilter.doFilter(AbstractMgnlFilter.java:85) [magnolia-core-6.2.7.jar:?]
	at info.magnolia.cms.filters.MgnlFilterChain.doFilter(MgnlFilterChain.java:79) [magnolia-core-6.2.7.jar:?]
	at info.magnolia.cms.security.BaseSecurityFilter.doFilter(BaseSecurityFilter.java:57) [magnolia-core-6.2.7.jar:?]
	at info.magnolia.cms.filters.AbstractMgnlFilter.doFilter(AbstractMgnlFilter.java:85) [magnolia-core-6.2.7.jar:?]
	at info.magnolia.cms.filters.MgnlFilterChain.doFilter(MgnlFilterChain.java:79) [magnolia-core-6.2.7.jar:?]
	at info.magnolia.cms.filters.MgnlFilterChain.doFilter(MgnlFilterChain.java:81) [magnolia-core-6.2.7.jar:?]
	at info.magnolia.cms.security.SecurityCallbackFilter.doFilter(SecurityCallbackFilter.java:84) [magnolia-core-6.2.7.jar:?]
	at info.magnolia.cms.filters.OncePerRequestAbstractMgnlFilter.doFilter(OncePerRequestAbstractMgnlFilter.java:59) [magnolia-core-6.2.7.jar:?]
	at info.magnolia.cms.filters.MgnlFilterChain.doFilter(MgnlFilterChain.java:79) [magnolia-core-6.2.7.jar:?]
	at info.magnolia.cms.security.LogoutFilter.doFilter(LogoutFilter.java:94) [magnolia-core-6.2.7.jar:?]
	at info.magnolia.cms.filters.OncePerRequestAbstractMgnlFilter.doFilter(OncePerRequestAbstractMgnlFilter.java:59) [magnolia-core-6.2.7.jar:?]
	at info.magnolia.cms.filters.MgnlFilterChain.doFilter(MgnlFilterChain.java:79) [magnolia-core-6.2.7.jar:?]
	at info.magnolia.module.site.filters.SiteMergeFilter.doFilter(SiteMergeFilter.java:119) [magnolia-site-1.4.1.jar:?]
	at info.magnolia.cms.filters.AbstractMgnlFilter.doFilter(AbstractMgnlFilter.java:85) [magnolia-core-6.2.7.jar:?]
	at info.magnolia.cms.filters.MgnlFilterChain.doFilter(MgnlFilterChain.java:79) [magnolia-core-6.2.7.jar:?]
	at info.magnolia.cms.filters.MultiChannelFilter.doFilter(MultiChannelFilter.java:83) [magnolia-core-6.2.7.jar:?]
	at info.magnolia.cms.filters.AbstractMgnlFilter.doFilter(AbstractMgnlFilter.java:85) [magnolia-core-6.2.7.jar:?]
	at info.magnolia.cms.filters.MgnlFilterChain.doFilter(MgnlFilterChain.java:79) [magnolia-core-6.2.7.jar:?]
	at info.magnolia.module.cache.filter.GZipFilter.doFilter(GZipFilter.java:74) [magnolia-cache-core-5.9.2.jar:?]
	at info.magnolia.cms.filters.OncePerRequestAbstractMgnlFilter.doFilter(OncePerRequestAbstractMgnlFilter.java:59) [magnolia-core-6.2.7.jar:?]
	at info.magnolia.cms.filters.MgnlFilterChain.doFilter(MgnlFilterChain.java:79) [magnolia-core-6.2.7.jar:?]
	at info.magnolia.cms.filters.MgnlFilterChain.doFilter(MgnlFilterChain.java:81) [magnolia-core-6.2.7.jar:?]
	at info.magnolia.cms.security.auth.login.LoginFilter.doFilter(LoginFilter.java:128) [magnolia-core-6.2.7.jar:?]
	at info.magnolia.cms.filters.AbstractMgnlFilter.doFilter(AbstractMgnlFilter.java:85) [magnolia-core-6.2.7.jar:?]
	at info.magnolia.cms.filters.MgnlFilterChain.doFilter(MgnlFilterChain.java:79) [magnolia-core-6.2.7.jar:?]
	at info.magnolia.cms.security.CsrfTokenSecurityFilter.doFilter(CsrfTokenSecurityFilter.java:107) [magnolia-core-6.2.7.jar:?]
	at info.magnolia.cms.filters.AbstractMgnlFilter.doFilter(AbstractMgnlFilter.java:85) [magnolia-core-6.2.7.jar:?]
	at info.magnolia.cms.filters.MgnlFilterChain.doFilter(MgnlFilterChain.java:79) [magnolia-core-6.2.7.jar:?]
	at info.magnolia.cms.filters.MgnlFilterChain.doFilter(MgnlFilterChain.java:81) [magnolia-core-6.2.7.jar:?]
	at info.magnolia.cms.filters.MultipartRequestFilter.doFilter(MultipartRequestFilter.java:151) [magnolia-core-6.2.7.jar:?]
	at info.magnolia.cms.filters.OncePerRequestAbstractMgnlFilter.doFilter(OncePerRequestAbstractMgnlFilter.java:59) [magnolia-core-6.2.7.jar:?]
	at info.magnolia.cms.filters.MgnlFilterChain.doFilter(MgnlFilterChain.java:79) [magnolia-core-6.2.7.jar:?]
	at info.magnolia.cms.filters.ContentTypeFilter.doFilter(ContentTypeFilter.java:155) [magnolia-core-6.2.7.jar:?]
	at info.magnolia.cms.filters.AbstractMgnlFilter.doFilter(AbstractMgnlFilter.java:85) [magnolia-core-6.2.7.jar:?]
	at info.magnolia.cms.filters.MgnlFilterChain.doFilter(MgnlFilterChain.java:79) [magnolia-core-6.2.7.jar:?]
	at info.magnolia.cms.filters.ContextFilter.doFilter(ContextFilter.java:128) [magnolia-core-6.2.7.jar:?]
	at info.magnolia.cms.filters.AbstractMgnlFilter.doFilter(AbstractMgnlFilter.java:85) [magnolia-core-6.2.7.jar:?]
	at info.magnolia.cms.filters.MgnlFilterChain.doFilter(MgnlFilterChain.java:79) [magnolia-core-6.2.7.jar:?]
	at info.magnolia.cms.filters.CompositeFilter.doFilter(CompositeFilter.java:65) [magnolia-core-6.2.7.jar:?]
	at info.magnolia.cms.filters.AbstractMgnlFilter.doFilter(AbstractMgnlFilter.java:85) [magnolia-core-6.2.7.jar:?]
	at info.magnolia.cms.filters.SafeDestroyMgnlFilterWrapper.doFilter(SafeDestroyMgnlFilterWrapper.java:107) [magnolia-core-6.2.7.jar:?]
	at info.magnolia.cms.filters.MgnlFilterDispatcher.doDispatch(MgnlFilterDispatcher.java:67) [magnolia-core-6.2.7.jar:?]
	at info.magnolia.cms.filters.MgnlMainFilter.doFilter(MgnlMainFilter.java:110) [magnolia-core-6.2.7.jar:?]
	at info.magnolia.cms.filters.MgnlMainFilter.doFilter(MgnlMainFilter.java:96) [magnolia-core-6.2.7.jar:?]
	at org.apache.catalina.core.ApplicationFilterChain.internalDoFilter(ApplicationFilterChain.java:189) [catalina.jar:9.0.43]
	at org.apache.catalina.core.ApplicationFilterChain.doFilter(ApplicationFilterChain.java:162) [catalina.jar:9.0.43]
	at org.apache.catalina.core.StandardWrapperValve.invoke(StandardWrapperValve.java:202) [catalina.jar:9.0.43]
	at org.apache.catalina.core.StandardContextValve.invoke(StandardContextValve.java:97) [catalina.jar:9.0.43]
	at org.apache.catalina.authenticator.AuthenticatorBase.invoke(AuthenticatorBase.java:542) [catalina.jar:9.0.43]
	at org.apache.catalina.core.StandardHostValve.invoke(StandardHostValve.java:143) [catalina.jar:9.0.43]
	at org.apache.catalina.valves.ErrorReportValve.invoke(ErrorReportValve.java:92) [catalina.jar:9.0.43]
	at org.apache.catalina.valves.AbstractAccessLogValve.invoke(AbstractAccessLogValve.java:687) [catalina.jar:9.0.43]
	at org.apache.catalina.core.StandardEngineValve.invoke(StandardEngineValve.java:78) [catalina.jar:9.0.43]
	at org.apache.catalina.connector.CoyoteAdapter.service(CoyoteAdapter.java:346) [catalina.jar:9.0.43]
	at org.apache.coyote.http11.Http11Processor.service(Http11Processor.java:374) [tomcat-coyote.jar:9.0.43]
	at org.apache.coyote.AbstractProcessorLight.process(AbstractProcessorLight.java:65) [tomcat-coyote.jar:9.0.43]
	at org.apache.coyote.AbstractProtocol$ConnectionHandler.process(AbstractProtocol.java:887) [tomcat-coyote.jar:9.0.43]
	at org.apache.tomcat.util.net.NioEndpoint$SocketProcessor.doRun(NioEndpoint.java:1684) [tomcat-coyote.jar:9.0.43]
	at org.apache.tomcat.util.net.SocketProcessorBase.run(SocketProcessorBase.java:49) [tomcat-coyote.jar:9.0.43]
	at java.util.concurrent.ThreadPoolExecutor.runWorker(Unknown Source) [?:1.8.0_281]
	at java.util.concurrent.ThreadPoolExecutor$Worker.run(Unknown Source) [?:1.8.0_281]
	at org.apache.tomcat.util.threads.TaskThread$WrappingRunnable.run(TaskThread.java:61) [tomcat-util.jar:9.0.43]
	at java.lang.Thread.run(Unknown Source) [?:1.8.0_281]
WARN  info.magnolia.cms.filters.ContentTypeFilter 12.04.2021 23:41:41 -- Content type for http://localhost:8080/magnoliaAuthor/.magnolia/admincentral/PUSH?v-uiId=45&v-pushId=42030a4e-fb9a-4047-900e-bd774f1b932a&X-Atmosphere-tracking-id=47e0dd23-80ef-4bfb-83de-a2a056094ace&X-Atmosphere-Framework=2.3.2.vaadin1-javascript&X-Atmosphere-Transport=long-polling&X-Atmosphere-TrackMessageSize=true&Content-Type=application%2Fjson%3B%20charset%3DUTF-8&X-atmo-protocol=true&_=1618242101461 is not set.
WARN  info.magnolia.cms.filters.ContentTypeFilter 12.04.2021 23:41:41 -- Response is not committed yet. Setting content type: text/html.
INFO  info.magnolia.module.ModuleManagerImpl 12.04.2021 23:41:42 -- Stopping module categorization
INFO  info.magnolia.module.ModuleManagerImpl 12.04.2021 23:41:42 -- Stopping module rssaggregator
INFO  info.magnolia.module.rssaggregator.RSSAggregator 12.04.2021 23:41:42 -- Removed RSS job '2a968a8d-a408-42ef-9081-23dddd5a03ca'.
INFO  info.magnolia.module.rssaggregator.RSSAggregator 12.04.2021 23:41:42 -- Removed RSS job '0e2e5cb7-dd7c-4ce9-bfa8-3761047f65f2'.
INFO  info.magnolia.module.ModuleManagerImpl 12.04.2021 23:41:42 -- Stopping module javascript-models
INFO  info.magnolia.module.ModuleManagerImpl 12.04.2021 23:41:42 -- Stopping module rest-client
INFO  info.magnolia.rest.client.RestClientProvider 12.04.2021 23:41:42 -- Close all cached RestClients.
INFO  info.magnolia.rest.client.RestClientProvider 12.04.2021 23:41:42 -- Clear all cached RestClients.
INFO  info.magnolia.module.ModuleManagerImpl 12.04.2021 23:41:42 -- Stopping module mail
INFO  info.magnolia.module.ModuleManagerImpl 12.04.2021 23:41:42 -- Stopping module content-importer
INFO  info.magnolia.module.ModuleManagerImpl 12.04.2021 23:41:42 -- Stopping module task-management
INFO  info.magnolia.module.ModuleManagerImpl 12.04.2021 23:41:42 -- Stopping module password-manager
INFO  info.magnolia.module.ModuleManagerImpl 12.04.2021 23:41:42 -- Stopping module magnolia-usage-metrics
INFO  info.magnolia.module.ModuleManagerImpl 12.04.2021 23:41:42 -- Stopping module ui-mediaeditor
INFO  info.magnolia.module.ModuleManagerImpl 12.04.2021 23:41:42 -- Stopping module ui-admincentral
INFO  info.magnolia.module.ModuleManagerImpl 12.04.2021 23:41:42 -- Stopping module site
INFO  info.magnolia.module.ModuleManagerImpl 12.04.2021 23:41:42 -- Stopping module scheduler
INFO  info.magnolia.module.scheduler.SchedulerModule 12.04.2021 23:41:42 -- Waiting up to 30 seconds for scheduled jobs to stop...
INFO  info.magnolia.module.ModuleManagerImpl 12.04.2021 23:41:43 -- Stopping module ui-framework
INFO  info.magnolia.module.ModuleManagerImpl 12.04.2021 23:41:43 -- Stopping module imaging
INFO  info.magnolia.module.ModuleManagerImpl 12.04.2021 23:41:43 -- Stopping module virtual-uri
INFO  info.magnolia.module.ModuleManagerImpl 12.04.2021 23:41:43 -- Stopping module ui-framework-core
INFO  info.magnolia.module.ModuleManagerImpl 12.04.2021 23:41:43 -- Stopping module rendering
INFO  info.magnolia.module.ModuleManagerImpl 12.04.2021 23:41:43 -- Stopping module periscope-core
INFO  info.magnolia.module.ModuleManagerImpl 12.04.2021 23:41:43 -- Stopping module content-types
INFO  info.magnolia.module.ModuleManagerImpl 12.04.2021 23:41:43 -- Stopping module cache
INFO  info.magnolia.module.cache.AbstractListeningFlushPolicy 12.04.2021 23:41:43 -- Unregistering event listener mapped to key [defaultPageCache:category:/] 
INFO  info.magnolia.module.cache.AbstractListeningFlushPolicy 12.04.2021 23:41:43 -- Unregistering event listener mapped to key [defaultPageCache:resources:/] 
INFO  info.magnolia.module.cache.AbstractListeningFlushPolicy 12.04.2021 23:41:43 -- Unregistering event listener mapped to key [defaultPageCache:scripts:/] 
INFO  info.magnolia.module.cache.AbstractListeningFlushPolicy 12.04.2021 23:41:43 -- Unregistering event listener mapped to key [defaultPageCache:userroles:/] 
INFO  info.magnolia.module.cache.AbstractListeningFlushPolicy 12.04.2021 23:41:43 -- Unregistering event listener mapped to key [defaultPageCache:dam:/] 
INFO  info.magnolia.module.cache.AbstractListeningFlushPolicy 12.04.2021 23:41:43 -- Unregistering event listener mapped to key [defaultPageCache:default:/] 
INFO  info.magnolia.module.cache.AbstractListeningFlushPolicy 12.04.2021 23:41:43 -- Unregistering event listener mapped to key [defaultPageCache:config:/] 
INFO  info.magnolia.module.cache.AbstractListeningFlushPolicy 12.04.2021 23:41:43 -- Unregistering event listener mapped to key [defaultPageCache:usergroups:/] 
INFO  info.magnolia.module.cache.AbstractListeningFlushPolicy 12.04.2021 23:41:43 -- Unregistering event listener mapped to key [defaultPageCache:website:/] 
INFO  info.magnolia.module.cache.AbstractListeningFlushPolicy 12.04.2021 23:41:43 -- Unregistering event listener mapped to key [defaultPageCache:keystore:/] 
INFO  info.magnolia.module.cache.AbstractListeningFlushPolicy 12.04.2021 23:41:43 -- Unregistering event listener mapped to key [defaultPageCache:tasks:/] 
INFO  info.magnolia.module.cache.AbstractListeningFlushPolicy 12.04.2021 23:41:43 -- Unregistering event listener mapped to key [defaultPageCache:rss:/] 
INFO  info.magnolia.module.cache.AbstractListeningFlushPolicy 12.04.2021 23:41:43 -- Unregistering event listener mapped to key [uuid-key-mapping:config:/] 
INFO  info.magnolia.module.cache.AbstractListeningFlushPolicy 12.04.2021 23:41:43 -- Unregistering event listener mapped to key [uuid-key-mapping:dam:/] 
INFO  info.magnolia.module.cache.AbstractListeningFlushPolicy 12.04.2021 23:41:43 -- Unregistering event listener mapped to key [uuid-key-mapping:resources:/] 
INFO  info.magnolia.module.cache.AbstractListeningFlushPolicy 12.04.2021 23:41:43 -- Unregistering event listener mapped to key [uuid-key-mapping:category:/] 
INFO  info.magnolia.module.cache.AbstractListeningFlushPolicy 12.04.2021 23:41:43 -- Unregistering event listener mapped to key [uuid-key-mapping:usergroups:/] 
INFO  info.magnolia.module.cache.AbstractListeningFlushPolicy 12.04.2021 23:41:43 -- Unregistering event listener mapped to key [uuid-key-mapping:rss:/] 
INFO  info.magnolia.module.cache.AbstractListeningFlushPolicy 12.04.2021 23:41:43 -- Unregistering event listener mapped to key [uuid-key-mapping:scripts:/] 
INFO  info.magnolia.module.cache.AbstractListeningFlushPolicy 12.04.2021 23:41:43 -- Unregistering event listener mapped to key [uuid-key-mapping:userroles:/] 
INFO  info.magnolia.module.cache.AbstractListeningFlushPolicy 12.04.2021 23:41:43 -- Unregistering event listener mapped to key [uuid-key-mapping:keystore:/] 
INFO  info.magnolia.module.cache.AbstractListeningFlushPolicy 12.04.2021 23:41:43 -- Unregistering event listener mapped to key [uuid-key-mapping:website:/] 
INFO  info.magnolia.module.cache.AbstractListeningFlushPolicy 12.04.2021 23:41:43 -- Unregistering event listener mapped to key [uuid-key-mapping:default:/] 
INFO  info.magnolia.module.cache.AbstractListeningFlushPolicy 12.04.2021 23:41:43 -- Unregistering event listener mapped to key [uuid-key-mapping:tasks:/] 
DEBUG class org.ehcache.core.Ehcache-defaultPageCache 12.04.2021 23:41:43 -- Close successful.
DEBUG class org.ehcache.core.Ehcache-uuid-key-mapping 12.04.2021 23:41:43 -- Close successful.
INFO  info.magnolia.module.ModuleManagerImpl 12.04.2021 23:41:43 -- Stopping module config
INFO  info.magnolia.dirwatch.DirectoryWatcherService 12.04.2021 23:41:43 -- DirectoryWatcherService terminated.
INFO  info.magnolia.resourceloader.classpath.service.impl.devmode.DevelopmentModeClasspathService 12.04.2021 23:41:43 -- DevelopmentModeClasspathService terminated.
INFO  info.magnolia.module.ModuleManagerImpl 12.04.2021 23:41:43 -- Stopping module rest-integration
INFO  info.magnolia.module.ModuleManagerImpl 12.04.2021 23:41:43 -- Stopping module publishing-core
INFO  info.magnolia.module.ModuleManagerImpl 12.04.2021 23:41:43 -- Stopping module dam
INFO  info.magnolia.repository.DefaultRepositoryManager 12.04.2021 23:41:43 -- Shutting down JCR
INFO  info.magnolia.jackrabbit.ProviderImpl 12.04.2021 23:41:43 -- Shutting down repository bound to 'magnoliaAuthor'
