ERROR info.magnolia.rendering.engine.ModeDependentRenderExceptionHandler 12.04.2021 04:34:11 -- Error while rendering [/demo-2/content/07/column2/00] with template [mbt:components/content/cardWithHeaderAndFooter] for URI [/demo-2.html?mgnlPreview=false&mgnlChannel=desktop]:
RenderException: freemarker.core.InvalidReferenceException: The following has evaluated to null or missing:
==> content.theme  [in template "mbt/templates/components/content/cardWithHeaderAndFooter.ftl" at line 147, column 20]

----
Tip: It's the step after the last dot that caused this error, not those before it.
----
Tip: If the failing expression is known to legally refer to something that's sometimes null or missing, either specify a default value like myOptionalVar!myDefault, or use [#if myOptionalVar??]when-present[#else]when-missing[/#if]. (These only cover the last step of the expression; to cover the whole expression, use parenthesis: (myOptionalVar.foo)!myDefault, (myOptionalVar.foo)??
----

----
FTL stack trace ("~" means nesting-related):
	- Failed at: ${content.theme}  [in template "mbt/templates/components/content/cardWithHeaderAndFooter.ftl" at line 147, column 18]
----
info.magnolia.rendering.engine.RenderException: freemarker.core.InvalidReferenceException: The following has evaluated to null or missing:
==> content.theme  [in template "mbt/templates/components/content/cardWithHeaderAndFooter.ftl" at line 147, column 20]

----
Tip: It's the step after the last dot that caused this error, not those before it.
----
Tip: If the failing expression is known to legally refer to something that's sometimes null or missing, either specify a default value like myOptionalVar!myDefault, or use [#if myOptionalVar??]when-present[#else]when-missing[/#if]. (These only cover the last step of the expression; to cover the whole expression, use parenthesis: (myOptionalVar.foo)!myDefault, (myOptionalVar.foo)??
----

----
FTL stack trace ("~" means nesting-related):
	- Failed at: ${content.theme}  [in template "mbt/templates/components/content/cardWithHeaderAndFooter.ftl" at line 147, column 18]
----
	at info.magnolia.rendering.renderer.FreemarkerRenderer.onRender(FreemarkerRenderer.java:101) ~[magnolia-rendering-6.2.7.jar:?]
	at info.magnolia.rendering.renderer.AbstractRenderer.render(AbstractRenderer.java:166) ~[magnolia-rendering-6.2.7.jar:?]
	at info.magnolia.rendering.engine.DefaultRenderingEngine.render(DefaultRenderingEngine.java:119) [magnolia-rendering-6.2.7.jar:?]
	at info.magnolia.rendering.engine.DefaultRenderingEngine$$EnhancerByCGLIB$$8a25958b.render(<generated>) [magnolia-rendering-6.2.7.jar:?]
	at info.magnolia.templating.elements.ComponentElement.begin(ComponentElement.java:126) [magnolia-templating-6.2.7.jar:?]
	at info.magnolia.templating.freemarker.AbstractDirective.execute(AbstractDirective.java:92) [magnolia-templating-6.2.7.jar:?]
	at freemarker.core.Environment.visit(Environment.java:446) [freemarker-2.3.29.jar:2.3.29]
	at freemarker.core.UnifiedCall.accept(UnifiedCall.java:101) [freemarker-2.3.29.jar:2.3.29]
	at freemarker.core.Environment.visit(Environment.java:367) [freemarker-2.3.29.jar:2.3.29]
	at freemarker.core.IteratorBlock$IterationContext.executedNestedContentForCollOrSeqListing(IteratorBlock.java:321) [freemarker-2.3.29.jar:2.3.29]
	at freemarker.core.IteratorBlock$IterationContext.executeNestedContent(IteratorBlock.java:271) [freemarker-2.3.29.jar:2.3.29]
	at freemarker.core.IteratorBlock$IterationContext.accept(IteratorBlock.java:244) [freemarker-2.3.29.jar:2.3.29]
	at freemarker.core.Environment.visitIteratorBlock(Environment.java:643) [freemarker-2.3.29.jar:2.3.29]
	at freemarker.core.IteratorBlock.acceptWithResult(IteratorBlock.java:108) [freemarker-2.3.29.jar:2.3.29]
	at freemarker.core.IteratorBlock.accept(IteratorBlock.java:94) [freemarker-2.3.29.jar:2.3.29]
	at freemarker.core.Environment.visit(Environment.java:331) [freemarker-2.3.29.jar:2.3.29]
	at freemarker.core.Environment.visit(Environment.java:337) [freemarker-2.3.29.jar:2.3.29]
	at freemarker.core.Environment.process(Environment.java:310) [freemarker-2.3.29.jar:2.3.29]
	at freemarker.template.Template.process(Template.java:383) [freemarker-2.3.29.jar:2.3.29]
	at info.magnolia.freemarker.FreemarkerHelper.render(FreemarkerHelper.java:170) [magnolia-freemarker-support-6.2.7.jar:?]
	at info.magnolia.rendering.renderer.FreemarkerRenderer.onRender(FreemarkerRenderer.java:99) [magnolia-rendering-6.2.7.jar:?]
	at info.magnolia.rendering.renderer.AbstractRenderer.render(AbstractRenderer.java:166) [magnolia-rendering-6.2.7.jar:?]
	at info.magnolia.rendering.engine.DefaultRenderingEngine.render(DefaultRenderingEngine.java:119) [magnolia-rendering-6.2.7.jar:?]
	at info.magnolia.rendering.engine.DefaultRenderingEngine$$EnhancerByCGLIB$$8a25958b.render(<generated>) [magnolia-rendering-6.2.7.jar:?]
	at info.magnolia.templating.elements.AreaElement.end(AreaElement.java:288) [magnolia-templating-6.2.7.jar:?]
	at info.magnolia.templating.freemarker.AbstractDirective.execute(AbstractDirective.java:97) [magnolia-templating-6.2.7.jar:?]
	at freemarker.core.Environment.visit(Environment.java:446) [freemarker-2.3.29.jar:2.3.29]
	at freemarker.core.UnifiedCall.accept(UnifiedCall.java:101) [freemarker-2.3.29.jar:2.3.29]
	at freemarker.core.Environment.visit(Environment.java:367) [freemarker-2.3.29.jar:2.3.29]
	at freemarker.core.IteratorBlock$IterationContext.executedNestedContentForCollOrSeqListing(IteratorBlock.java:321) [freemarker-2.3.29.jar:2.3.29]
	at freemarker.core.IteratorBlock$IterationContext.executeNestedContent(IteratorBlock.java:271) [freemarker-2.3.29.jar:2.3.29]
	at freemarker.core.IteratorBlock$IterationContext.accept(IteratorBlock.java:244) [freemarker-2.3.29.jar:2.3.29]
	at freemarker.core.Environment.visitIteratorBlock(Environment.java:643) [freemarker-2.3.29.jar:2.3.29]
	at freemarker.core.IteratorBlock.acceptWithResult(IteratorBlock.java:108) [freemarker-2.3.29.jar:2.3.29]
	at freemarker.core.IteratorBlock.accept(IteratorBlock.java:94) [freemarker-2.3.29.jar:2.3.29]
	at freemarker.core.Environment.visit(Environment.java:331) [freemarker-2.3.29.jar:2.3.29]
	at freemarker.core.Environment.visit(Environment.java:337) [freemarker-2.3.29.jar:2.3.29]
	at freemarker.core.Environment.process(Environment.java:310) [freemarker-2.3.29.jar:2.3.29]
	at freemarker.template.Template.process(Template.java:383) [freemarker-2.3.29.jar:2.3.29]
	at info.magnolia.freemarker.FreemarkerHelper.render(FreemarkerHelper.java:170) [magnolia-freemarker-support-6.2.7.jar:?]
	at info.magnolia.rendering.renderer.FreemarkerRenderer.onRender(FreemarkerRenderer.java:99) [magnolia-rendering-6.2.7.jar:?]
	at info.magnolia.rendering.renderer.AbstractRenderer.render(AbstractRenderer.java:166) [magnolia-rendering-6.2.7.jar:?]
	at info.magnolia.rendering.engine.DefaultRenderingEngine.render(DefaultRenderingEngine.java:119) [magnolia-rendering-6.2.7.jar:?]
	at info.magnolia.rendering.engine.DefaultRenderingEngine$$EnhancerByCGLIB$$8a25958b.render(<generated>) [magnolia-rendering-6.2.7.jar:?]
	at info.magnolia.templating.elements.ComponentElement.begin(ComponentElement.java:126) [magnolia-templating-6.2.7.jar:?]
	at info.magnolia.templating.renderers.NoScriptRenderer.onRender(NoScriptRenderer.java:103) [magnolia-templating-6.2.7.jar:?]
	at info.magnolia.templating.renderers.NoScriptRenderer.render(NoScriptRenderer.java:81) [magnolia-templating-6.2.7.jar:?]
	at info.magnolia.rendering.engine.DefaultRenderingEngine.render(DefaultRenderingEngine.java:119) [magnolia-rendering-6.2.7.jar:?]
	at info.magnolia.rendering.engine.DefaultRenderingEngine$$EnhancerByCGLIB$$8a25958b.render(<generated>) [magnolia-rendering-6.2.7.jar:?]
	at info.magnolia.templating.elements.AreaElement.end(AreaElement.java:288) [magnolia-templating-6.2.7.jar:?]
	at info.magnolia.templating.freemarker.AbstractDirective.execute(AbstractDirective.java:97) [magnolia-templating-6.2.7.jar:?]
	at freemarker.core.Environment.visit(Environment.java:446) [freemarker-2.3.29.jar:2.3.29]
	at freemarker.core.UnifiedCall.accept(UnifiedCall.java:101) [freemarker-2.3.29.jar:2.3.29]
	at freemarker.core.Environment.visit(Environment.java:331) [freemarker-2.3.29.jar:2.3.29]
	at freemarker.core.Environment.visit(Environment.java:337) [freemarker-2.3.29.jar:2.3.29]
	at freemarker.core.Environment.process(Environment.java:310) [freemarker-2.3.29.jar:2.3.29]
	at freemarker.template.Template.process(Template.java:383) [freemarker-2.3.29.jar:2.3.29]
	at info.magnolia.freemarker.FreemarkerHelper.render(FreemarkerHelper.java:170) [magnolia-freemarker-support-6.2.7.jar:?]
	at info.magnolia.rendering.renderer.FreemarkerRenderer.onRender(FreemarkerRenderer.java:99) [magnolia-rendering-6.2.7.jar:?]
	at info.magnolia.rendering.renderer.AbstractRenderer.render(AbstractRenderer.java:166) [magnolia-rendering-6.2.7.jar:?]
	at info.magnolia.rendering.engine.DefaultRenderingEngine.render(DefaultRenderingEngine.java:119) [magnolia-rendering-6.2.7.jar:?]
	at info.magnolia.rendering.engine.DefaultRenderingEngine$$EnhancerByCGLIB$$8a25958b.render(<generated>) [magnolia-rendering-6.2.7.jar:?]
	at info.magnolia.rendering.engine.RenderingFilter.render(RenderingFilter.java:195) [magnolia-rendering-6.2.7.jar:?]
	at info.magnolia.rendering.engine.RenderingFilter.handleTemplateRequest(RenderingFilter.java:140) [magnolia-rendering-6.2.7.jar:?]
	at info.magnolia.rendering.engine.RenderingFilter.doFilter(RenderingFilter.java:94) [magnolia-rendering-6.2.7.jar:?]
	at info.magnolia.cms.filters.AbstractMgnlFilter.doFilter(AbstractMgnlFilter.java:85) [magnolia-core-6.2.7.jar:?]
	at info.magnolia.cms.filters.MgnlFilterChain.doFilter(MgnlFilterChain.java:79) [magnolia-core-6.2.7.jar:?]
	at info.magnolia.rendering.model.ModelExecutionFilter.doFilter(ModelExecutionFilter.java:109) [magnolia-rendering-6.2.7.jar:?]
	at info.magnolia.cms.filters.OncePerRequestAbstractMgnlFilter.doFilter(OncePerRequestAbstractMgnlFilter.java:59) [magnolia-core-6.2.7.jar:?]
	at info.magnolia.cms.filters.MgnlFilterChain.doFilter(MgnlFilterChain.java:79) [magnolia-core-6.2.7.jar:?]
	at info.magnolia.cms.filters.AggregatorFilter.doFilter(AggregatorFilter.java:133) [magnolia-core-6.2.7.jar:?]
	at info.magnolia.cms.filters.AbstractMgnlFilter.doFilter(AbstractMgnlFilter.java:85) [magnolia-core-6.2.7.jar:?]
	at info.magnolia.cms.filters.MgnlFilterChain.doFilter(MgnlFilterChain.java:79) [magnolia-core-6.2.7.jar:?]
	at info.magnolia.cms.security.BaseSecurityFilter.doFilter(BaseSecurityFilter.java:57) [magnolia-core-6.2.7.jar:?]
	at info.magnolia.cms.filters.AbstractMgnlFilter.doFilter(AbstractMgnlFilter.java:85) [magnolia-core-6.2.7.jar:?]
	at info.magnolia.cms.filters.MgnlFilterChain.doFilter(MgnlFilterChain.java:79) [magnolia-core-6.2.7.jar:?]
	at info.magnolia.cms.filters.RepositoryMappingFilter.doFilter(RepositoryMappingFilter.java:122) [magnolia-core-6.2.7.jar:?]
	at info.magnolia.cms.filters.AbstractMgnlFilter.doFilter(AbstractMgnlFilter.java:85) [magnolia-core-6.2.7.jar:?]
	at info.magnolia.cms.filters.MgnlFilterChain.doFilter(MgnlFilterChain.java:79) [magnolia-core-6.2.7.jar:?]
	at info.magnolia.cms.filters.CompositeFilter.doFilter(CompositeFilter.java:65) [magnolia-core-6.2.7.jar:?]
	at info.magnolia.cms.filters.AbstractMgnlFilter.doFilter(AbstractMgnlFilter.java:85) [magnolia-core-6.2.7.jar:?]
	at info.magnolia.cms.filters.MgnlFilterChain.doFilter(MgnlFilterChain.java:79) [magnolia-core-6.2.7.jar:?]
	at info.magnolia.cms.filters.MgnlFilterChain.doFilter(MgnlFilterChain.java:74) [magnolia-core-6.2.7.jar:?]
	at info.magnolia.cms.filters.MgnlFilterChain.doFilter(MgnlFilterChain.java:81) [magnolia-core-6.2.7.jar:?]
	at info.magnolia.cms.filters.MgnlFilterChain.doFilter(MgnlFilterChain.java:81) [magnolia-core-6.2.7.jar:?]
	at info.magnolia.cms.filters.MgnlFilterChain.doFilter(MgnlFilterChain.java:81) [magnolia-core-6.2.7.jar:?]
	at info.magnolia.cms.filters.MgnlFilterChain.doFilter(MgnlFilterChain.java:81) [magnolia-core-6.2.7.jar:?]
	at info.magnolia.cms.filters.MgnlFilterChain.doFilter(MgnlFilterChain.java:81) [magnolia-core-6.2.7.jar:?]
	at info.magnolia.cms.filters.MgnlFilterChain.doFilter(MgnlFilterChain.java:81) [magnolia-core-6.2.7.jar:?]
	at info.magnolia.cms.filters.MgnlFilterChain.doFilter(MgnlFilterChain.java:81) [magnolia-core-6.2.7.jar:?]
	at info.magnolia.cms.filters.MgnlFilterChain.doFilter(MgnlFilterChain.java:81) [magnolia-core-6.2.7.jar:?]
	at info.magnolia.cms.filters.CompositeFilter.doFilter(CompositeFilter.java:65) [magnolia-core-6.2.7.jar:?]
	at info.magnolia.cms.filters.AbstractMgnlFilter.doFilter(AbstractMgnlFilter.java:85) [magnolia-core-6.2.7.jar:?]
	at info.magnolia.cms.filters.MgnlFilterChain.doFilter(MgnlFilterChain.java:79) [magnolia-core-6.2.7.jar:?]
	at info.magnolia.virtualuri.VirtualUriFilter.doFilter(VirtualUriFilter.java:98) [magnolia-virtual-uri-6.2.7.jar:?]
	at info.magnolia.cms.filters.AbstractMgnlFilter.doFilter(AbstractMgnlFilter.java:85) [magnolia-core-6.2.7.jar:?]
	at info.magnolia.cms.filters.MgnlFilterChain.doFilter(MgnlFilterChain.java:79) [magnolia-core-6.2.7.jar:?]
	at info.magnolia.cms.filters.MgnlFilterChain.doFilter(MgnlFilterChain.java:81) [magnolia-core-6.2.7.jar:?]
	at info.magnolia.module.cache.executor.Bypass.processCacheRequest(Bypass.java:58) [magnolia-cache-core-5.9.2.jar:?]
	at info.magnolia.module.cache.executor.CompositeExecutor.processCacheRequest(CompositeExecutor.java:66) [magnolia-cache-core-5.9.2.jar:?]
	at info.magnolia.module.cache.filter.CacheFilter.doFilter(CacheFilter.java:164) [magnolia-cache-core-5.9.2.jar:?]
	at info.magnolia.cms.filters.AbstractMgnlFilter.doFilter(AbstractMgnlFilter.java:85) [magnolia-core-6.2.7.jar:?]
	at info.magnolia.cms.filters.MgnlFilterChain.doFilter(MgnlFilterChain.java:79) [magnolia-core-6.2.7.jar:?]
	at info.magnolia.cms.i18n.I18nContentSupportFilter.doFilter(I18nContentSupportFilter.java:85) [magnolia-core-6.2.7.jar:?]
	at info.magnolia.cms.filters.AbstractMgnlFilter.doFilter(AbstractMgnlFilter.java:85) [magnolia-core-6.2.7.jar:?]
	at info.magnolia.cms.filters.MgnlFilterChain.doFilter(MgnlFilterChain.java:79) [magnolia-core-6.2.7.jar:?]
	at info.magnolia.cms.filters.RangeSupportFilter.doFilter(RangeSupportFilter.java:78) [magnolia-core-6.2.7.jar:?]
	at info.magnolia.cms.filters.AbstractMgnlFilter.doFilter(AbstractMgnlFilter.java:85) [magnolia-core-6.2.7.jar:?]
	at info.magnolia.cms.filters.MgnlFilterChain.doFilter(MgnlFilterChain.java:79) [magnolia-core-6.2.7.jar:?]
	at info.magnolia.cms.security.BaseSecurityFilter.doFilter(BaseSecurityFilter.java:57) [magnolia-core-6.2.7.jar:?]
	at info.magnolia.cms.filters.AbstractMgnlFilter.doFilter(AbstractMgnlFilter.java:85) [magnolia-core-6.2.7.jar:?]
	at info.magnolia.cms.filters.MgnlFilterChain.doFilter(MgnlFilterChain.java:79) [magnolia-core-6.2.7.jar:?]
	at info.magnolia.cms.filters.MgnlFilterChain.doFilter(MgnlFilterChain.java:81) [magnolia-core-6.2.7.jar:?]
	at info.magnolia.cms.security.SecurityCallbackFilter.doFilter(SecurityCallbackFilter.java:84) [magnolia-core-6.2.7.jar:?]
	at info.magnolia.cms.filters.OncePerRequestAbstractMgnlFilter.doFilter(OncePerRequestAbstractMgnlFilter.java:59) [magnolia-core-6.2.7.jar:?]
	at info.magnolia.cms.filters.MgnlFilterChain.doFilter(MgnlFilterChain.java:79) [magnolia-core-6.2.7.jar:?]
	at info.magnolia.cms.security.LogoutFilter.doFilter(LogoutFilter.java:94) [magnolia-core-6.2.7.jar:?]
	at info.magnolia.cms.filters.OncePerRequestAbstractMgnlFilter.doFilter(OncePerRequestAbstractMgnlFilter.java:59) [magnolia-core-6.2.7.jar:?]
	at info.magnolia.cms.filters.MgnlFilterChain.doFilter(MgnlFilterChain.java:79) [magnolia-core-6.2.7.jar:?]
	at info.magnolia.module.site.filters.SiteMergeFilter.doFilter(SiteMergeFilter.java:119) [magnolia-site-1.4.1.jar:?]
	at info.magnolia.cms.filters.AbstractMgnlFilter.doFilter(AbstractMgnlFilter.java:85) [magnolia-core-6.2.7.jar:?]
	at info.magnolia.cms.filters.MgnlFilterChain.doFilter(MgnlFilterChain.java:79) [magnolia-core-6.2.7.jar:?]
	at info.magnolia.cms.filters.MultiChannelFilter.doFilter(MultiChannelFilter.java:83) [magnolia-core-6.2.7.jar:?]
	at info.magnolia.cms.filters.AbstractMgnlFilter.doFilter(AbstractMgnlFilter.java:85) [magnolia-core-6.2.7.jar:?]
	at info.magnolia.cms.filters.MgnlFilterChain.doFilter(MgnlFilterChain.java:79) [magnolia-core-6.2.7.jar:?]
	at info.magnolia.module.cache.filter.GZipFilter.doFilter(GZipFilter.java:74) [magnolia-cache-core-5.9.2.jar:?]
	at info.magnolia.cms.filters.OncePerRequestAbstractMgnlFilter.doFilter(OncePerRequestAbstractMgnlFilter.java:59) [magnolia-core-6.2.7.jar:?]
	at info.magnolia.cms.filters.MgnlFilterChain.doFilter(MgnlFilterChain.java:79) [magnolia-core-6.2.7.jar:?]
	at info.magnolia.cms.filters.MgnlFilterChain.doFilter(MgnlFilterChain.java:81) [magnolia-core-6.2.7.jar:?]
	at info.magnolia.cms.security.auth.login.LoginFilter.doFilter(LoginFilter.java:128) [magnolia-core-6.2.7.jar:?]
	at info.magnolia.cms.filters.AbstractMgnlFilter.doFilter(AbstractMgnlFilter.java:85) [magnolia-core-6.2.7.jar:?]
	at info.magnolia.cms.filters.MgnlFilterChain.doFilter(MgnlFilterChain.java:79) [magnolia-core-6.2.7.jar:?]
	at info.magnolia.cms.security.CsrfTokenSecurityFilter.doFilter(CsrfTokenSecurityFilter.java:107) [magnolia-core-6.2.7.jar:?]
	at info.magnolia.cms.filters.AbstractMgnlFilter.doFilter(AbstractMgnlFilter.java:85) [magnolia-core-6.2.7.jar:?]
	at info.magnolia.cms.filters.MgnlFilterChain.doFilter(MgnlFilterChain.java:79) [magnolia-core-6.2.7.jar:?]
	at info.magnolia.cms.filters.MgnlFilterChain.doFilter(MgnlFilterChain.java:81) [magnolia-core-6.2.7.jar:?]
	at info.magnolia.cms.filters.MultipartRequestFilter.doFilter(MultipartRequestFilter.java:151) [magnolia-core-6.2.7.jar:?]
	at info.magnolia.cms.filters.OncePerRequestAbstractMgnlFilter.doFilter(OncePerRequestAbstractMgnlFilter.java:59) [magnolia-core-6.2.7.jar:?]
	at info.magnolia.cms.filters.MgnlFilterChain.doFilter(MgnlFilterChain.java:79) [magnolia-core-6.2.7.jar:?]
	at info.magnolia.cms.filters.ContentTypeFilter.doFilter(ContentTypeFilter.java:155) [magnolia-core-6.2.7.jar:?]
	at info.magnolia.cms.filters.AbstractMgnlFilter.doFilter(AbstractMgnlFilter.java:85) [magnolia-core-6.2.7.jar:?]
	at info.magnolia.cms.filters.MgnlFilterChain.doFilter(MgnlFilterChain.java:79) [magnolia-core-6.2.7.jar:?]
	at info.magnolia.cms.filters.ContextFilter.doFilter(ContextFilter.java:128) [magnolia-core-6.2.7.jar:?]
	at info.magnolia.cms.filters.AbstractMgnlFilter.doFilter(AbstractMgnlFilter.java:85) [magnolia-core-6.2.7.jar:?]
	at info.magnolia.cms.filters.MgnlFilterChain.doFilter(MgnlFilterChain.java:79) [magnolia-core-6.2.7.jar:?]
	at info.magnolia.cms.filters.CompositeFilter.doFilter(CompositeFilter.java:65) [magnolia-core-6.2.7.jar:?]
	at info.magnolia.cms.filters.AbstractMgnlFilter.doFilter(AbstractMgnlFilter.java:85) [magnolia-core-6.2.7.jar:?]
	at info.magnolia.cms.filters.SafeDestroyMgnlFilterWrapper.doFilter(SafeDestroyMgnlFilterWrapper.java:107) [magnolia-core-6.2.7.jar:?]
	at info.magnolia.cms.filters.MgnlFilterDispatcher.doDispatch(MgnlFilterDispatcher.java:67) [magnolia-core-6.2.7.jar:?]
	at info.magnolia.cms.filters.MgnlMainFilter.doFilter(MgnlMainFilter.java:110) [magnolia-core-6.2.7.jar:?]
	at info.magnolia.cms.filters.MgnlMainFilter.doFilter(MgnlMainFilter.java:96) [magnolia-core-6.2.7.jar:?]
	at org.apache.catalina.core.ApplicationFilterChain.internalDoFilter(ApplicationFilterChain.java:189) [catalina.jar:9.0.43]
	at org.apache.catalina.core.ApplicationFilterChain.doFilter(ApplicationFilterChain.java:162) [catalina.jar:9.0.43]
	at org.apache.catalina.core.StandardWrapperValve.invoke(StandardWrapperValve.java:202) [catalina.jar:9.0.43]
	at org.apache.catalina.core.StandardContextValve.invoke(StandardContextValve.java:97) [catalina.jar:9.0.43]
	at org.apache.catalina.authenticator.AuthenticatorBase.invoke(AuthenticatorBase.java:542) [catalina.jar:9.0.43]
	at org.apache.catalina.core.StandardHostValve.invoke(StandardHostValve.java:143) [catalina.jar:9.0.43]
	at org.apache.catalina.valves.ErrorReportValve.invoke(ErrorReportValve.java:92) [catalina.jar:9.0.43]
	at org.apache.catalina.valves.AbstractAccessLogValve.invoke(AbstractAccessLogValve.java:687) [catalina.jar:9.0.43]
	at org.apache.catalina.core.StandardEngineValve.invoke(StandardEngineValve.java:78) [catalina.jar:9.0.43]
	at org.apache.catalina.connector.CoyoteAdapter.service(CoyoteAdapter.java:346) [catalina.jar:9.0.43]
	at org.apache.coyote.http11.Http11Processor.service(Http11Processor.java:374) [tomcat-coyote.jar:9.0.43]
	at org.apache.coyote.AbstractProcessorLight.process(AbstractProcessorLight.java:65) [tomcat-coyote.jar:9.0.43]
	at org.apache.coyote.AbstractProtocol$ConnectionHandler.process(AbstractProtocol.java:887) [tomcat-coyote.jar:9.0.43]
	at org.apache.tomcat.util.net.NioEndpoint$SocketProcessor.doRun(NioEndpoint.java:1684) [tomcat-coyote.jar:9.0.43]
	at org.apache.tomcat.util.net.SocketProcessorBase.run(SocketProcessorBase.java:49) [tomcat-coyote.jar:9.0.43]
	at java.util.concurrent.ThreadPoolExecutor.runWorker(Unknown Source) [?:1.8.0_281]
	at java.util.concurrent.ThreadPoolExecutor$Worker.run(Unknown Source) [?:1.8.0_281]
	at org.apache.tomcat.util.threads.TaskThread$WrappingRunnable.run(TaskThread.java:61) [tomcat-util.jar:9.0.43]
	at java.lang.Thread.run(Unknown Source) [?:1.8.0_281]
Caused by: freemarker.core.InvalidReferenceException: The following has evaluated to null or missing:
==> content.theme  [in template "mbt/templates/components/content/cardWithHeaderAndFooter.ftl" at line 147, column 20]

----
Tip: It's the step after the last dot that caused this error, not those before it.
----
Tip: If the failing expression is known to legally refer to something that's sometimes null or missing, either specify a default value like myOptionalVar!myDefault, or use [#if myOptionalVar??]when-present[#else]when-missing[/#if]. (These only cover the last step of the expression; to cover the whole expression, use parenthesis: (myOptionalVar.foo)!myDefault, (myOptionalVar.foo)??
----

----
FTL stack trace ("~" means nesting-related):
	- Failed at: ${content.theme}  [in template "mbt/templates/components/content/cardWithHeaderAndFooter.ftl" at line 147, column 18]
----
	at freemarker.core.InvalidReferenceException.getInstance(InvalidReferenceException.java:134) ~[freemarker-2.3.29.jar:2.3.29]
	at freemarker.core.EvalUtil.coerceModelToTextualCommon(EvalUtil.java:479) ~[freemarker-2.3.29.jar:2.3.29]
	at freemarker.core.EvalUtil.coerceModelToStringOrMarkup(EvalUtil.java:401) ~[freemarker-2.3.29.jar:2.3.29]
	at freemarker.core.EvalUtil.coerceModelToStringOrMarkup(EvalUtil.java:370) ~[freemarker-2.3.29.jar:2.3.29]
	at freemarker.core.DollarVariable.calculateInterpolatedStringOrMarkup(DollarVariable.java:100) ~[freemarker-2.3.29.jar:2.3.29]
	at freemarker.core.DollarVariable.accept(DollarVariable.java:63) ~[freemarker-2.3.29.jar:2.3.29]
	at freemarker.core.Environment.visit(Environment.java:331) ~[freemarker-2.3.29.jar:2.3.29]
	at freemarker.core.Environment.visit(Environment.java:337) ~[freemarker-2.3.29.jar:2.3.29]
	at freemarker.core.Environment.process(Environment.java:310) ~[freemarker-2.3.29.jar:2.3.29]
	at freemarker.template.Template.process(Template.java:383) ~[freemarker-2.3.29.jar:2.3.29]
	at info.magnolia.freemarker.FreemarkerHelper.render(FreemarkerHelper.java:170) ~[magnolia-freemarker-support-6.2.7.jar:?]
	at info.magnolia.rendering.renderer.FreemarkerRenderer.onRender(FreemarkerRenderer.java:99) ~[magnolia-rendering-6.2.7.jar:?]
	... 169 more
